[23-09-11 17:03:17] INFO  kr.couple.web.ProjectApplication - Starting ProjectApplication using Java 17.0.7 with PID 14000 (C:\spring\SpringBootClass\Project\target\classes started by admin in C:\spring\SpringBootClass\Project)
[23-09-11 17:03:17] INFO  kr.couple.web.ProjectApplication - The following 1 profile is active: "local"
[23-09-11 17:03:17] INFO  o.s.b.d.restart.ChangeableUrls - The Class-Path manifest attribute in C:\Users\admin\.m2\repository\com\oracle\database\jdbc\ojdbc8\21.9.0.0\ojdbc8-21.9.0.0.jar referenced one or more files that do not exist: file:/C:/Users/admin/.m2/repository/com/oracle/database/jdbc/ojdbc8/21.9.0.0/oraclepki.jar
[23-09-11 17:03:17] INFO  o.s.b.d.e.DevToolsPropertyDefaultsPostProcessor - Devtools property defaults active! Set 'spring.devtools.add-properties' to 'false' to disable
[23-09-11 17:03:17] INFO  o.s.b.d.e.DevToolsPropertyDefaultsPostProcessor - For additional web related logging consider setting the 'logging.level.web' property to 'DEBUG'
[23-09-11 17:03:17] INFO  o.s.d.r.c.RepositoryConfigurationDelegate - Bootstrapping Spring Data JDBC repositories in DEFAULT mode.
[23-09-11 17:03:18] INFO  o.s.d.r.c.RepositoryConfigurationDelegate - Finished Spring Data repository scanning in 4 ms. Found 0 JDBC repository interfaces.
[23-09-11 17:03:18] INFO  o.s.b.w.e.tomcat.TomcatWebServer - Tomcat initialized with port(s): 8080 (http)
[23-09-11 17:03:18] INFO  o.a.coyote.http11.Http11NioProtocol - Initializing ProtocolHandler ["http-nio-8080"]
[23-09-11 17:03:18] INFO  o.a.catalina.core.StandardService - Starting service [Tomcat]
[23-09-11 17:03:18] INFO  o.a.catalina.core.StandardEngine - Starting Servlet engine: [Apache Tomcat/10.1.12]
[23-09-11 17:03:18] INFO  o.a.c.c.C.[Tomcat].[localhost].[/] - Initializing Spring embedded WebApplicationContext
[23-09-11 17:03:18] INFO  o.s.b.w.s.c.ServletWebServerApplicationContext - Root WebApplicationContext: initialization completed in 1080 ms
[23-09-11 17:03:19] INFO  o.s.b.a.w.s.WelcomePageHandlerMapping - Adding welcome page template: index
[23-09-11 17:03:19] INFO  com.zaxxer.hikari.HikariDataSource - HikariPool-1 - Starting...
[23-09-11 17:03:19] INFO  log4jdbc.log4j2 - 1. Connection opened. {executed in 179ms} 
[23-09-11 17:03:19] INFO  log4jdbc.log4j2 - 1. Connection.new Connection returned 
[23-09-11 17:03:19] INFO  log4jdbc.log4j2 - 1. Connection.getNetworkTimeout() returned 0
[23-09-11 17:03:19] INFO  log4jdbc.log4j2 - 1. Connection.isReadOnly() returned false
[23-09-11 17:03:19] INFO  log4jdbc.log4j2 - 1. Connection.getAutoCommit() returned true
[23-09-11 17:03:19] INFO  log4jdbc.log4j2 - 1. Connection.isValid(1) returned true
[23-09-11 17:03:19] INFO  log4jdbc.log4j2 - 1. Connection.getTransactionIsolation() returned 2
[23-09-11 17:03:19] INFO  com.zaxxer.hikari.pool.HikariPool - HikariPool-1 - Added connection net.sf.log4jdbc.sql.jdbcapi.ConnectionSpy@779ad80e
[23-09-11 17:03:19] INFO  com.zaxxer.hikari.HikariDataSource - HikariPool-1 - Start completed.
[23-09-11 17:03:19] INFO  log4jdbc.log4j2 - 1. Connection.getMetaData() returned oracle.jdbc.driver.OracleDatabaseMetaData@6eb90083
[23-09-11 17:03:19] INFO  log4jdbc.log4j2 - 1. Connection.clearWarnings() returned 
[23-09-11 17:03:19] INFO  log4jdbc.log4j2 - 2. Connection opened. {executed in 15ms} 
[23-09-11 17:03:19] INFO  log4jdbc.log4j2 - 2. Connection.new Connection returned 
[23-09-11 17:03:19] INFO  log4jdbc.log4j2 - 2. Connection.isReadOnly() returned false
[23-09-11 17:03:19] INFO  log4jdbc.log4j2 - 2. Connection.getAutoCommit() returned true
[23-09-11 17:03:19] INFO  o.s.b.d.a.OptionalLiveReloadServer - LiveReload server is running on port 35729
[23-09-11 17:03:19] INFO  log4jdbc.log4j2 - 3. Connection opened. {executed in 13ms} 
[23-09-11 17:03:19] INFO  log4jdbc.log4j2 - 3. Connection.new Connection returned 
[23-09-11 17:03:19] INFO  log4jdbc.log4j2 - 3. Connection.isReadOnly() returned false
[23-09-11 17:03:19] INFO  log4jdbc.log4j2 - 3. Connection.getAutoCommit() returned true
[23-09-11 17:03:19] INFO  o.a.coyote.http11.Http11NioProtocol - Starting ProtocolHandler ["http-nio-8080"]
[23-09-11 17:03:19] INFO  o.s.b.w.e.tomcat.TomcatWebServer - Tomcat started on port(s): 8080 (http) with context path ''
[23-09-11 17:03:19] INFO  log4jdbc.log4j2 - 4. Connection opened. {executed in 14ms} 
[23-09-11 17:03:19] INFO  log4jdbc.log4j2 - 4. Connection.new Connection returned 
[23-09-11 17:03:19] INFO  log4jdbc.log4j2 - 4. Connection.isReadOnly() returned false
[23-09-11 17:03:19] INFO  log4jdbc.log4j2 - 4. Connection.getAutoCommit() returned true
[23-09-11 17:03:19] INFO  kr.couple.web.ProjectApplication - Started ProjectApplication in 2.52 seconds (process running for 3.361)
[23-09-11 17:03:19] INFO  log4jdbc.log4j2 - 5. Connection opened. {executed in 12ms} 
[23-09-11 17:03:19] INFO  log4jdbc.log4j2 - 5. Connection.new Connection returned 
[23-09-11 17:03:19] INFO  log4jdbc.log4j2 - 5. Connection.isReadOnly() returned false
[23-09-11 17:03:19] INFO  log4jdbc.log4j2 - 5. Connection.getAutoCommit() returned true
[23-09-11 17:03:19] INFO  log4jdbc.log4j2 - 6. Connection opened. {executed in 12ms} 
[23-09-11 17:03:19] INFO  log4jdbc.log4j2 - 6. Connection.new Connection returned 
[23-09-11 17:03:19] INFO  log4jdbc.log4j2 - 6. Connection.isReadOnly() returned false
[23-09-11 17:03:19] INFO  log4jdbc.log4j2 - 6. Connection.getAutoCommit() returned true
[23-09-11 17:03:19] INFO  log4jdbc.log4j2 - 7. Connection opened. {executed in 12ms} 
[23-09-11 17:03:19] INFO  log4jdbc.log4j2 - 7. Connection.new Connection returned 
[23-09-11 17:03:19] INFO  log4jdbc.log4j2 - 7. Connection.isReadOnly() returned false
[23-09-11 17:03:19] INFO  log4jdbc.log4j2 - 7. Connection.getAutoCommit() returned true
[23-09-11 17:03:19] INFO  log4jdbc.log4j2 - 8. Connection opened. {executed in 12ms} 
[23-09-11 17:03:19] INFO  log4jdbc.log4j2 - 8. Connection.new Connection returned 
[23-09-11 17:03:19] INFO  log4jdbc.log4j2 - 8. Connection.isReadOnly() returned false
[23-09-11 17:03:19] INFO  log4jdbc.log4j2 - 8. Connection.getAutoCommit() returned true
[23-09-11 17:03:19] INFO  log4jdbc.log4j2 - 9. Connection opened. {executed in 12ms} 
[23-09-11 17:03:19] INFO  log4jdbc.log4j2 - 9. Connection.new Connection returned 
[23-09-11 17:03:19] INFO  log4jdbc.log4j2 - 9. Connection.isReadOnly() returned false
[23-09-11 17:03:19] INFO  log4jdbc.log4j2 - 9. Connection.getAutoCommit() returned true
[23-09-11 17:03:19] INFO  log4jdbc.log4j2 - 10. Connection opened. {executed in 16ms} 
[23-09-11 17:03:19] INFO  log4jdbc.log4j2 - 10. Connection.new Connection returned 
[23-09-11 17:03:19] INFO  log4jdbc.log4j2 - 10. Connection.isReadOnly() returned false
[23-09-11 17:03:19] INFO  log4jdbc.log4j2 - 10. Connection.getAutoCommit() returned true
[23-09-11 17:03:26] INFO  o.a.c.c.C.[Tomcat].[localhost].[/] - Initializing Spring DispatcherServlet 'dispatcherServlet'
[23-09-11 17:03:26] INFO  o.s.web.servlet.DispatcherServlet - Initializing Servlet 'dispatcherServlet'
[23-09-11 17:03:26] INFO  o.s.web.servlet.DispatcherServlet - Completed initialization in 1 ms
[23-09-11 17:04:29] INFO  o.s.b.d.a.LocalDevToolsAutoConfiguration$RestartingClassPathChangeChangedEventListener - Restarting due to 1 class path change (1 addition, 0 deletions, 0 modifications)
[23-09-11 17:04:29] INFO  o.a.coyote.http11.Http11NioProtocol - Pausing ProtocolHandler ["http-nio-8080"]
[23-09-11 17:04:29] INFO  o.a.catalina.core.StandardService - Stopping service [Tomcat]
[23-09-11 17:04:30] INFO  o.a.c.c.C.[Tomcat].[localhost].[/] - Destroying Spring FrameworkServlet 'dispatcherServlet'
[23-09-11 17:04:30] INFO  o.a.coyote.http11.Http11NioProtocol - Stopping ProtocolHandler ["http-nio-8080"]
[23-09-11 17:04:30] INFO  o.a.coyote.http11.Http11NioProtocol - Destroying ProtocolHandler ["http-nio-8080"]
[23-09-11 17:04:30] INFO  com.zaxxer.hikari.HikariDataSource - HikariPool-1 - Shutdown initiated...
[23-09-11 17:04:30] INFO  log4jdbc.log4j2 - 1. Connection closed. {executed in 1ms} 
[23-09-11 17:04:30] INFO  log4jdbc.log4j2 - 1. Connection.close() returned 
[23-09-11 17:04:30] INFO  log4jdbc.log4j2 - 2. Connection closed. {executed in 1ms} 
[23-09-11 17:04:30] INFO  log4jdbc.log4j2 - 2. Connection.close() returned 
[23-09-11 17:04:30] INFO  log4jdbc.log4j2 - 3. Connection closed. {executed in 0ms} 
[23-09-11 17:04:30] INFO  log4jdbc.log4j2 - 3. Connection.close() returned 
[23-09-11 17:04:30] INFO  log4jdbc.log4j2 - 4. Connection closed. {executed in 0ms} 
[23-09-11 17:04:30] INFO  log4jdbc.log4j2 - 4. Connection.close() returned 
[23-09-11 17:04:30] INFO  log4jdbc.log4j2 - 5. Connection closed. {executed in 1ms} 
[23-09-11 17:04:30] INFO  log4jdbc.log4j2 - 5. Connection.close() returned 
[23-09-11 17:04:30] INFO  log4jdbc.log4j2 - 6. Connection closed. {executed in 1ms} 
[23-09-11 17:04:30] INFO  log4jdbc.log4j2 - 6. Connection.close() returned 
[23-09-11 17:04:30] INFO  log4jdbc.log4j2 - 7. Connection closed. {executed in 0ms} 
[23-09-11 17:04:30] INFO  log4jdbc.log4j2 - 7. Connection.close() returned 
[23-09-11 17:04:30] INFO  log4jdbc.log4j2 - 8. Connection closed. {executed in 0ms} 
[23-09-11 17:04:30] INFO  log4jdbc.log4j2 - 8. Connection.close() returned 
[23-09-11 17:04:30] INFO  log4jdbc.log4j2 - 9. Connection closed. {executed in 0ms} 
[23-09-11 17:04:30] INFO  log4jdbc.log4j2 - 9. Connection.close() returned 
[23-09-11 17:04:30] INFO  log4jdbc.log4j2 - 10. Connection closed. {executed in 1ms} 
[23-09-11 17:04:30] INFO  log4jdbc.log4j2 - 10. Connection.close() returned 
[23-09-11 17:04:30] INFO  com.zaxxer.hikari.HikariDataSource - HikariPool-1 - Shutdown completed.
[23-09-11 17:04:30] INFO  kr.couple.web.ProjectApplication - Starting ProjectApplication using Java 17.0.7 with PID 14000 (C:\spring\SpringBootClass\Project\target\classes started by admin in C:\spring\SpringBootClass\Project)
[23-09-11 17:04:30] INFO  kr.couple.web.ProjectApplication - The following 1 profile is active: "local"
[23-09-11 17:04:30] INFO  o.s.d.r.c.RepositoryConfigurationDelegate - Bootstrapping Spring Data JDBC repositories in DEFAULT mode.
[23-09-11 17:04:30] INFO  o.s.d.r.c.RepositoryConfigurationDelegate - Finished Spring Data repository scanning in 1 ms. Found 0 JDBC repository interfaces.
[23-09-11 17:04:30] INFO  o.s.b.w.e.tomcat.TomcatWebServer - Tomcat initialized with port(s): 8080 (http)
[23-09-11 17:04:30] INFO  o.a.coyote.http11.Http11NioProtocol - Initializing ProtocolHandler ["http-nio-8080"]
[23-09-11 17:04:30] INFO  o.a.catalina.core.StandardService - Starting service [Tomcat]
[23-09-11 17:04:30] INFO  o.a.catalina.core.StandardEngine - Starting Servlet engine: [Apache Tomcat/10.1.12]
[23-09-11 17:04:30] INFO  o.a.c.c.C.[Tomcat].[localhost].[/] - Initializing Spring embedded WebApplicationContext
[23-09-11 17:04:30] INFO  o.s.b.w.s.c.ServletWebServerApplicationContext - Root WebApplicationContext: initialization completed in 258 ms
[23-09-11 17:04:30] INFO  o.a.catalina.core.StandardService - Stopping service [Tomcat]
[23-09-11 17:04:30] INFO  o.s.b.a.l.ConditionEvaluationReportLogger - 

Error starting ApplicationContext. To display the condition evaluation report re-run your application with 'debug' enabled.
[23-09-11 17:04:59] INFO  kr.couple.web.ProjectApplication - Starting ProjectApplication using Java 17.0.7 with PID 14000 (C:\spring\SpringBootClass\Project\target\classes started by admin in C:\spring\SpringBootClass\Project)
[23-09-11 17:04:59] INFO  kr.couple.web.ProjectApplication - The following 1 profile is active: "local"
[23-09-11 17:04:59] INFO  o.s.d.r.c.RepositoryConfigurationDelegate - Bootstrapping Spring Data JDBC repositories in DEFAULT mode.
[23-09-11 17:04:59] INFO  o.s.d.r.c.RepositoryConfigurationDelegate - Finished Spring Data repository scanning in 1 ms. Found 0 JDBC repository interfaces.
[23-09-11 17:04:59] INFO  o.s.b.w.e.tomcat.TomcatWebServer - Tomcat initialized with port(s): 8080 (http)
[23-09-11 17:04:59] INFO  o.a.coyote.http11.Http11NioProtocol - Initializing ProtocolHandler ["http-nio-8080"]
[23-09-11 17:04:59] INFO  o.a.catalina.core.StandardService - Starting service [Tomcat]
[23-09-11 17:04:59] INFO  o.a.catalina.core.StandardEngine - Starting Servlet engine: [Apache Tomcat/10.1.12]
[23-09-11 17:04:59] INFO  o.a.c.c.C.[.[localhost].[/] - Initializing Spring embedded WebApplicationContext
[23-09-11 17:04:59] INFO  o.s.b.w.s.c.ServletWebServerApplicationContext - Root WebApplicationContext: initialization completed in 246 ms
[23-09-11 17:04:59] INFO  o.s.b.a.w.s.WelcomePageHandlerMapping - Adding welcome page template: index
[23-09-11 17:05:00] INFO  com.zaxxer.hikari.HikariDataSource - HikariPool-2 - Starting...
[23-09-11 17:05:00] INFO  log4jdbc.log4j2 - 11. Connection opened. {executed in 13ms} 
[23-09-11 17:05:00] INFO  log4jdbc.log4j2 - 11. Connection.new Connection returned 
[23-09-11 17:05:00] INFO  log4jdbc.log4j2 - 11. Connection.getNetworkTimeout() returned 0
[23-09-11 17:05:00] INFO  log4jdbc.log4j2 - 11. Connection.isReadOnly() returned false
[23-09-11 17:05:00] INFO  log4jdbc.log4j2 - 11. Connection.getAutoCommit() returned true
[23-09-11 17:05:00] INFO  log4jdbc.log4j2 - 11. Connection.isValid(1) returned true
[23-09-11 17:05:00] INFO  log4jdbc.log4j2 - 11. Connection.getTransactionIsolation() returned 2
[23-09-11 17:05:00] INFO  com.zaxxer.hikari.pool.HikariPool - HikariPool-2 - Added connection net.sf.log4jdbc.sql.jdbcapi.ConnectionSpy@5ee11d65
[23-09-11 17:05:00] INFO  com.zaxxer.hikari.HikariDataSource - HikariPool-2 - Start completed.
[23-09-11 17:05:00] INFO  log4jdbc.log4j2 - 11. Connection.getMetaData() returned oracle.jdbc.driver.OracleDatabaseMetaData@5b3b668b
[23-09-11 17:05:00] INFO  log4jdbc.log4j2 - 11. Connection.clearWarnings() returned 
[23-09-11 17:05:00] INFO  o.s.b.d.a.OptionalLiveReloadServer - LiveReload server is running on port 35729
[23-09-11 17:05:00] INFO  o.a.coyote.http11.Http11NioProtocol - Starting ProtocolHandler ["http-nio-8080"]
[23-09-11 17:05:00] INFO  o.s.b.w.e.tomcat.TomcatWebServer - Tomcat started on port(s): 8080 (http) with context path ''
[23-09-11 17:05:00] INFO  kr.couple.web.ProjectApplication - Started ProjectApplication in 0.463 seconds (process running for 103.879)
[23-09-11 17:05:00] INFO  o.s.b.d.a.ConditionEvaluationDeltaLoggingListener - Condition evaluation unchanged
[23-09-11 17:05:00] INFO  log4jdbc.log4j2 - 12. Connection opened. {executed in 12ms} 
[23-09-11 17:05:00] INFO  log4jdbc.log4j2 - 12. Connection.new Connection returned 
[23-09-11 17:05:00] INFO  log4jdbc.log4j2 - 12. Connection.isReadOnly() returned false
[23-09-11 17:05:00] INFO  log4jdbc.log4j2 - 12. Connection.getAutoCommit() returned true
[23-09-11 17:05:00] INFO  log4jdbc.log4j2 - 13. Connection opened. {executed in 12ms} 
[23-09-11 17:05:00] INFO  log4jdbc.log4j2 - 13. Connection.new Connection returned 
[23-09-11 17:05:00] INFO  log4jdbc.log4j2 - 13. Connection.isReadOnly() returned false
[23-09-11 17:05:00] INFO  log4jdbc.log4j2 - 13. Connection.getAutoCommit() returned true
[23-09-11 17:05:00] INFO  log4jdbc.log4j2 - 14. Connection opened. {executed in 12ms} 
[23-09-11 17:05:00] INFO  log4jdbc.log4j2 - 14. Connection.new Connection returned 
[23-09-11 17:05:00] INFO  log4jdbc.log4j2 - 14. Connection.isReadOnly() returned false
[23-09-11 17:05:00] INFO  log4jdbc.log4j2 - 14. Connection.getAutoCommit() returned true
[23-09-11 17:05:00] INFO  log4jdbc.log4j2 - 15. Connection opened. {executed in 12ms} 
[23-09-11 17:05:00] INFO  log4jdbc.log4j2 - 15. Connection.new Connection returned 
[23-09-11 17:05:00] INFO  log4jdbc.log4j2 - 15. Connection.isReadOnly() returned false
[23-09-11 17:05:00] INFO  log4jdbc.log4j2 - 15. Connection.getAutoCommit() returned true
[23-09-11 17:05:00] INFO  log4jdbc.log4j2 - 16. Connection opened. {executed in 13ms} 
[23-09-11 17:05:00] INFO  log4jdbc.log4j2 - 16. Connection.new Connection returned 
[23-09-11 17:05:00] INFO  log4jdbc.log4j2 - 16. Connection.isReadOnly() returned false
[23-09-11 17:05:00] INFO  log4jdbc.log4j2 - 16. Connection.getAutoCommit() returned true
[23-09-11 17:05:00] INFO  log4jdbc.log4j2 - 17. Connection opened. {executed in 12ms} 
[23-09-11 17:05:00] INFO  log4jdbc.log4j2 - 17. Connection.new Connection returned 
[23-09-11 17:05:00] INFO  log4jdbc.log4j2 - 17. Connection.isReadOnly() returned false
[23-09-11 17:05:00] INFO  log4jdbc.log4j2 - 17. Connection.getAutoCommit() returned true
[23-09-11 17:05:00] INFO  log4jdbc.log4j2 - 18. Connection opened. {executed in 16ms} 
[23-09-11 17:05:00] INFO  log4jdbc.log4j2 - 18. Connection.new Connection returned 
[23-09-11 17:05:00] INFO  log4jdbc.log4j2 - 18. Connection.isReadOnly() returned false
[23-09-11 17:05:00] INFO  log4jdbc.log4j2 - 18. Connection.getAutoCommit() returned true
[23-09-11 17:05:00] INFO  log4jdbc.log4j2 - 19. Connection opened. {executed in 32ms} 
[23-09-11 17:05:00] INFO  log4jdbc.log4j2 - 19. Connection.new Connection returned 
[23-09-11 17:05:00] INFO  log4jdbc.log4j2 - 19. Connection.isReadOnly() returned false
[23-09-11 17:05:00] INFO  log4jdbc.log4j2 - 19. Connection.getAutoCommit() returned true
[23-09-11 17:05:00] INFO  log4jdbc.log4j2 - 20. Connection opened. {executed in 15ms} 
[23-09-11 17:05:00] INFO  log4jdbc.log4j2 - 20. Connection.new Connection returned 
[23-09-11 17:05:00] INFO  log4jdbc.log4j2 - 20. Connection.isReadOnly() returned false
[23-09-11 17:05:00] INFO  log4jdbc.log4j2 - 20. Connection.getAutoCommit() returned true
[23-09-11 17:05:00] INFO  o.a.c.c.C.[.[localhost].[/] - Initializing Spring DispatcherServlet 'dispatcherServlet'
[23-09-11 17:05:00] INFO  o.s.web.servlet.DispatcherServlet - Initializing Servlet 'dispatcherServlet'
[23-09-11 17:05:00] INFO  o.s.web.servlet.DispatcherServlet - Completed initialization in 3 ms
[23-09-11 17:05:00] INFO  log4jdbc.log4j2 - 11. Connection.isValid(5) returned true
[23-09-11 17:05:00] INFO  log4jdbc.log4j2 - 11. Statement.new Statement returned 
[23-09-11 17:05:00] INFO  log4jdbc.log4j2 - 11. Connection.createStatement() returned net.sf.log4jdbc.sql.jdbcapi.StatementSpy@19e759f8
[23-09-11 17:05:00] INFO  log4jdbc.log4j2 - 11. select sysdate from dual  {executed in 46 ms}
[23-09-11 17:05:00] INFO  log4jdbc.log4j2 - 11. ResultSet.new ResultSet returned 
[23-09-11 17:05:00] INFO  log4jdbc.log4j2 - 11. Statement.executeQuery(select sysdate from dual) returned net.sf.log4jdbc.sql.jdbcapi.ResultSetSpy@1de98636
[23-09-11 17:05:00] INFO  log4jdbc.log4j2 - 11. ResultSet.next() returned true
[23-09-11 17:05:00] INFO  log4jdbc.log4j2 - 11. ResultSet.getMetaData() returned oracle.jdbc.driver.OracleResultSetMetaData@3a3c9ba3
[23-09-11 17:05:00] INFO  log4jdbc.log4j2 - 11. ResultSet.getTimestamp(1) returned 2023-09-11 17:05:00.0
[23-09-11 17:05:00] INFO  log4jdbc.log4j2 - 
|----------------------|
|sysdate               |
|----------------------|
|2023-09-11 17:05:00.0 |
|----------------------|

[23-09-11 17:05:00] INFO  log4jdbc.log4j2 - 11. ResultSet.next() returned false
[23-09-11 17:05:00] INFO  log4jdbc.log4j2 - 11. ResultSet.close() returned void
[23-09-11 17:05:00] INFO  log4jdbc.log4j2 - 11. Statement.close() returned 
[23-09-11 17:05:00] INFO  log4jdbc.log4j2 - 11. Connection.clearWarnings() returned 
[23-09-11 17:05:00] INFO  log4jdbc.log4j2 - 11. Connection.getAutoCommit() returned true
[23-09-11 17:05:01] INFO  log4jdbc.log4j2 - 11. PreparedStatement.new PreparedStatement returned 
[23-09-11 17:05:01] INFO  log4jdbc.log4j2 - 11. Connection.prepareStatement(select sysdate from dual) returned net.sf.log4jdbc.sql.jdbcapi.PreparedStatementSpy@2347f33c
[23-09-11 17:05:01] INFO  log4jdbc.log4j2 - 11. select sysdate from dual  {executed in 2 ms}
[23-09-11 17:05:01] INFO  log4jdbc.log4j2 - 11. PreparedStatement.execute() returned true
[23-09-11 17:05:01] INFO  log4jdbc.log4j2 - 11. ResultSet.new ResultSet returned 
[23-09-11 17:05:01] INFO  log4jdbc.log4j2 - 11. PreparedStatement.getResultSet() returned net.sf.log4jdbc.sql.jdbcapi.ResultSetSpy@3088f3c0
[23-09-11 17:05:01] INFO  log4jdbc.log4j2 - 11. ResultSet.getMetaData() returned oracle.jdbc.driver.OracleResultSetMetaData@170de512
[23-09-11 17:05:01] INFO  log4jdbc.log4j2 - 11. ResultSet.getType() returned 1003
[23-09-11 17:05:01] INFO  log4jdbc.log4j2 - 11. ResultSet.isClosed() returned false
[23-09-11 17:05:01] INFO  log4jdbc.log4j2 - 11. ResultSet.next() returned true
[23-09-11 17:05:01] INFO  log4jdbc.log4j2 - 11. ResultSet.getTimestamp(SYSDATE) returned 2023-09-11 17:05:01.0
[23-09-11 17:05:01] INFO  log4jdbc.log4j2 - 11. ResultSet.isClosed() returned false
[23-09-11 17:05:01] INFO  log4jdbc.log4j2 - 
|----------------------|
|sysdate               |
|----------------------|
|2023-09-11 17:05:01.0 |
|----------------------|

[23-09-11 17:05:01] INFO  log4jdbc.log4j2 - 11. ResultSet.next() returned false
[23-09-11 17:05:01] INFO  log4jdbc.log4j2 - 11. ResultSet.close() returned void
[23-09-11 17:05:01] INFO  log4jdbc.log4j2 - 11. Connection.getMetaData() returned oracle.jdbc.driver.OracleDatabaseMetaData@5b3b668b
[23-09-11 17:05:01] INFO  log4jdbc.log4j2 - 11. PreparedStatement.close() returned 
[23-09-11 17:05:01] INFO  log4jdbc.log4j2 - 11. Connection.clearWarnings() returned 
[23-09-11 17:05:14] INFO  log4jdbc.log4j2 - 11. Connection.isValid(5) returned true
[23-09-11 17:05:14] INFO  log4jdbc.log4j2 - 11. Statement.new Statement returned 
[23-09-11 17:05:14] INFO  log4jdbc.log4j2 - 11. Connection.createStatement() returned net.sf.log4jdbc.sql.jdbcapi.StatementSpy@2754b946
[23-09-11 17:05:14] INFO  log4jdbc.log4j2 - 11. select sysdate from dual  {executed in 2 ms}
[23-09-11 17:05:14] INFO  log4jdbc.log4j2 - 11. ResultSet.new ResultSet returned 
[23-09-11 17:05:14] INFO  log4jdbc.log4j2 - 11. Statement.executeQuery(select sysdate from dual) returned net.sf.log4jdbc.sql.jdbcapi.ResultSetSpy@236b2974
[23-09-11 17:05:14] INFO  log4jdbc.log4j2 - 11. ResultSet.next() returned true
[23-09-11 17:05:14] INFO  log4jdbc.log4j2 - 11. ResultSet.getMetaData() returned oracle.jdbc.driver.OracleResultSetMetaData@6669b37d
[23-09-11 17:05:14] INFO  log4jdbc.log4j2 - 11. ResultSet.getTimestamp(1) returned 2023-09-11 17:05:14.0
[23-09-11 17:05:14] INFO  log4jdbc.log4j2 - 
|----------------------|
|sysdate               |
|----------------------|
|2023-09-11 17:05:14.0 |
|----------------------|

[23-09-11 17:05:14] INFO  log4jdbc.log4j2 - 11. ResultSet.next() returned false
[23-09-11 17:05:14] INFO  log4jdbc.log4j2 - 11. ResultSet.close() returned void
[23-09-11 17:05:14] INFO  log4jdbc.log4j2 - 11. Statement.close() returned 
[23-09-11 17:05:14] INFO  log4jdbc.log4j2 - 11. Connection.clearWarnings() returned 
[23-09-11 17:05:14] INFO  log4jdbc.log4j2 - 11. Connection.getAutoCommit() returned true
[23-09-11 17:05:14] INFO  log4jdbc.log4j2 - 11. PreparedStatement.new PreparedStatement returned 
[23-09-11 17:05:14] INFO  log4jdbc.log4j2 - 11. Connection.prepareStatement(select sysdate from dual) returned net.sf.log4jdbc.sql.jdbcapi.PreparedStatementSpy@55594ed6
[23-09-11 17:05:14] INFO  log4jdbc.log4j2 - 11. select sysdate from dual  {executed in 2 ms}
[23-09-11 17:05:14] INFO  log4jdbc.log4j2 - 11. PreparedStatement.execute() returned true
[23-09-11 17:05:14] INFO  log4jdbc.log4j2 - 11. ResultSet.new ResultSet returned 
[23-09-11 17:05:14] INFO  log4jdbc.log4j2 - 11. PreparedStatement.getResultSet() returned net.sf.log4jdbc.sql.jdbcapi.ResultSetSpy@57c553b2
[23-09-11 17:05:14] INFO  log4jdbc.log4j2 - 11. ResultSet.getMetaData() returned oracle.jdbc.driver.OracleResultSetMetaData@2d1ff0b7
[23-09-11 17:05:14] INFO  log4jdbc.log4j2 - 11. ResultSet.getType() returned 1003
[23-09-11 17:05:14] INFO  log4jdbc.log4j2 - 11. ResultSet.isClosed() returned false
[23-09-11 17:05:14] INFO  log4jdbc.log4j2 - 11. ResultSet.next() returned true
[23-09-11 17:05:14] INFO  log4jdbc.log4j2 - 11. ResultSet.getTimestamp(SYSDATE) returned 2023-09-11 17:05:14.0
[23-09-11 17:05:14] INFO  log4jdbc.log4j2 - 11. ResultSet.isClosed() returned false
[23-09-11 17:05:14] INFO  log4jdbc.log4j2 - 
|----------------------|
|sysdate               |
|----------------------|
|2023-09-11 17:05:14.0 |
|----------------------|

[23-09-11 17:05:14] INFO  log4jdbc.log4j2 - 11. ResultSet.next() returned false
[23-09-11 17:05:14] INFO  log4jdbc.log4j2 - 11. ResultSet.close() returned void
[23-09-11 17:05:14] INFO  log4jdbc.log4j2 - 11. Connection.getMetaData() returned oracle.jdbc.driver.OracleDatabaseMetaData@5b3b668b
[23-09-11 17:05:14] INFO  log4jdbc.log4j2 - 11. PreparedStatement.close() returned 
[23-09-11 17:05:14] INFO  log4jdbc.log4j2 - 11. Connection.clearWarnings() returned 
[23-09-11 17:05:15] INFO  log4jdbc.log4j2 - 11. Connection.isValid(5) returned true
[23-09-11 17:05:15] INFO  log4jdbc.log4j2 - 11. Statement.new Statement returned 
[23-09-11 17:05:15] INFO  log4jdbc.log4j2 - 11. Connection.createStatement() returned net.sf.log4jdbc.sql.jdbcapi.StatementSpy@68642dba
[23-09-11 17:05:15] INFO  log4jdbc.log4j2 - 11. select sysdate from dual  {executed in 2 ms}
[23-09-11 17:05:15] INFO  log4jdbc.log4j2 - 11. ResultSet.new ResultSet returned 
[23-09-11 17:05:15] INFO  log4jdbc.log4j2 - 11. Statement.executeQuery(select sysdate from dual) returned net.sf.log4jdbc.sql.jdbcapi.ResultSetSpy@2d66bed2
[23-09-11 17:05:15] INFO  log4jdbc.log4j2 - 11. ResultSet.next() returned true
[23-09-11 17:05:15] INFO  log4jdbc.log4j2 - 11. ResultSet.getMetaData() returned oracle.jdbc.driver.OracleResultSetMetaData@2d4c17a2
[23-09-11 17:05:15] INFO  log4jdbc.log4j2 - 11. ResultSet.getTimestamp(1) returned 2023-09-11 17:05:15.0
[23-09-11 17:05:15] INFO  log4jdbc.log4j2 - 
|----------------------|
|sysdate               |
|----------------------|
|2023-09-11 17:05:15.0 |
|----------------------|

[23-09-11 17:05:15] INFO  log4jdbc.log4j2 - 11. ResultSet.next() returned false
[23-09-11 17:05:15] INFO  log4jdbc.log4j2 - 11. ResultSet.close() returned void
[23-09-11 17:05:15] INFO  log4jdbc.log4j2 - 11. Statement.close() returned 
[23-09-11 17:05:15] INFO  log4jdbc.log4j2 - 11. Connection.clearWarnings() returned 
[23-09-11 17:05:15] INFO  log4jdbc.log4j2 - 11. Connection.getAutoCommit() returned true
[23-09-11 17:05:15] INFO  log4jdbc.log4j2 - 11. PreparedStatement.new PreparedStatement returned 
[23-09-11 17:05:15] INFO  log4jdbc.log4j2 - 11. Connection.prepareStatement(select sysdate from dual) returned net.sf.log4jdbc.sql.jdbcapi.PreparedStatementSpy@1c81121e
[23-09-11 17:05:15] INFO  log4jdbc.log4j2 - 11. select sysdate from dual  {executed in 1 ms}
[23-09-11 17:05:15] INFO  log4jdbc.log4j2 - 11. PreparedStatement.execute() returned true
[23-09-11 17:05:15] INFO  log4jdbc.log4j2 - 11. ResultSet.new ResultSet returned 
[23-09-11 17:05:15] INFO  log4jdbc.log4j2 - 11. PreparedStatement.getResultSet() returned net.sf.log4jdbc.sql.jdbcapi.ResultSetSpy@5541e5c9
[23-09-11 17:05:15] INFO  log4jdbc.log4j2 - 11. ResultSet.getMetaData() returned oracle.jdbc.driver.OracleResultSetMetaData@4d49419d
[23-09-11 17:05:15] INFO  log4jdbc.log4j2 - 11. ResultSet.getType() returned 1003
[23-09-11 17:05:15] INFO  log4jdbc.log4j2 - 11. ResultSet.isClosed() returned false
[23-09-11 17:05:15] INFO  log4jdbc.log4j2 - 11. ResultSet.next() returned true
[23-09-11 17:05:15] INFO  log4jdbc.log4j2 - 11. ResultSet.getTimestamp(SYSDATE) returned 2023-09-11 17:05:15.0
[23-09-11 17:05:15] INFO  log4jdbc.log4j2 - 11. ResultSet.isClosed() returned false
[23-09-11 17:05:15] INFO  log4jdbc.log4j2 - 
|----------------------|
|sysdate               |
|----------------------|
|2023-09-11 17:05:15.0 |
|----------------------|

[23-09-11 17:05:15] INFO  log4jdbc.log4j2 - 11. ResultSet.next() returned false
[23-09-11 17:05:15] INFO  log4jdbc.log4j2 - 11. ResultSet.close() returned void
[23-09-11 17:05:15] INFO  log4jdbc.log4j2 - 11. Connection.getMetaData() returned oracle.jdbc.driver.OracleDatabaseMetaData@5b3b668b
[23-09-11 17:05:15] INFO  log4jdbc.log4j2 - 11. PreparedStatement.close() returned 
[23-09-11 17:05:15] INFO  log4jdbc.log4j2 - 11. Connection.clearWarnings() returned 
[23-09-11 17:07:27] INFO  o.s.b.d.a.LocalDevToolsAutoConfiguration$RestartingClassPathChangeChangedEventListener - Restarting due to 1 class path change (1 addition, 0 deletions, 0 modifications)
[23-09-11 17:07:27] INFO  o.a.coyote.http11.Http11NioProtocol - Pausing ProtocolHandler ["http-nio-8080"]
[23-09-11 17:07:27] INFO  o.a.catalina.core.StandardService - Stopping service [Tomcat]
[23-09-11 17:07:27] INFO  o.a.c.c.C.[.[localhost].[/] - Destroying Spring FrameworkServlet 'dispatcherServlet'
[23-09-11 17:07:27] INFO  o.a.coyote.http11.Http11NioProtocol - Stopping ProtocolHandler ["http-nio-8080"]
[23-09-11 17:07:27] INFO  o.a.coyote.http11.Http11NioProtocol - Destroying ProtocolHandler ["http-nio-8080"]
[23-09-11 17:07:27] INFO  com.zaxxer.hikari.HikariDataSource - HikariPool-2 - Shutdown initiated...
[23-09-11 17:07:27] INFO  log4jdbc.log4j2 - 11. Connection closed. {executed in 1ms} 
[23-09-11 17:07:27] INFO  log4jdbc.log4j2 - 11. Connection.close() returned 
[23-09-11 17:07:27] INFO  log4jdbc.log4j2 - 12. Connection closed. {executed in 1ms} 
[23-09-11 17:07:27] INFO  log4jdbc.log4j2 - 12. Connection.close() returned 
[23-09-11 17:07:27] INFO  log4jdbc.log4j2 - 13. Connection closed. {executed in 1ms} 
[23-09-11 17:07:27] INFO  log4jdbc.log4j2 - 13. Connection.close() returned 
[23-09-11 17:07:27] INFO  log4jdbc.log4j2 - 14. Connection closed. {executed in 1ms} 
[23-09-11 17:07:27] INFO  log4jdbc.log4j2 - 14. Connection.close() returned 
[23-09-11 17:07:27] INFO  log4jdbc.log4j2 - 15. Connection closed. {executed in 2ms} 
[23-09-11 17:07:27] INFO  log4jdbc.log4j2 - 15. Connection.close() returned 
[23-09-11 17:07:27] INFO  log4jdbc.log4j2 - 16. Connection closed. {executed in 0ms} 
[23-09-11 17:07:27] INFO  log4jdbc.log4j2 - 16. Connection.close() returned 
[23-09-11 17:07:27] INFO  log4jdbc.log4j2 - 17. Connection closed. {executed in 1ms} 
[23-09-11 17:07:27] INFO  log4jdbc.log4j2 - 17. Connection.close() returned 
[23-09-11 17:07:27] INFO  log4jdbc.log4j2 - 18. Connection closed. {executed in 0ms} 
[23-09-11 17:07:27] INFO  log4jdbc.log4j2 - 18. Connection.close() returned 
[23-09-11 17:07:27] INFO  log4jdbc.log4j2 - 19. Connection closed. {executed in 1ms} 
[23-09-11 17:07:27] INFO  log4jdbc.log4j2 - 19. Connection.close() returned 
[23-09-11 17:07:27] INFO  log4jdbc.log4j2 - 20. Connection closed. {executed in 2ms} 
[23-09-11 17:07:27] INFO  log4jdbc.log4j2 - 20. Connection.close() returned 
[23-09-11 17:07:27] INFO  com.zaxxer.hikari.HikariDataSource - HikariPool-2 - Shutdown completed.
[23-09-11 17:07:27] INFO  kr.couple.web.ProjectApplication - Starting ProjectApplication using Java 17.0.7 with PID 14000 (C:\spring\SpringBootClass\Project\target\classes started by admin in C:\spring\SpringBootClass\Project)
[23-09-11 17:07:27] INFO  kr.couple.web.ProjectApplication - The following 1 profile is active: "local"
[23-09-11 17:07:27] INFO  o.s.d.r.c.RepositoryConfigurationDelegate - Bootstrapping Spring Data JDBC repositories in DEFAULT mode.
[23-09-11 17:07:27] INFO  o.s.d.r.c.RepositoryConfigurationDelegate - Finished Spring Data repository scanning in 1 ms. Found 0 JDBC repository interfaces.
[23-09-11 17:07:27] INFO  o.s.b.w.e.tomcat.TomcatWebServer - Tomcat initialized with port(s): 8080 (http)
[23-09-11 17:07:27] INFO  o.a.coyote.http11.Http11NioProtocol - Initializing ProtocolHandler ["http-nio-8080"]
[23-09-11 17:07:27] INFO  o.a.catalina.core.StandardService - Starting service [Tomcat]
[23-09-11 17:07:27] INFO  o.a.catalina.core.StandardEngine - Starting Servlet engine: [Apache Tomcat/10.1.12]
[23-09-11 17:07:27] INFO  o.a.c.c.C.[.[localhost].[/] - Initializing Spring embedded WebApplicationContext
[23-09-11 17:07:27] INFO  o.s.b.w.s.c.ServletWebServerApplicationContext - Root WebApplicationContext: initialization completed in 234 ms
[23-09-11 17:07:27] INFO  o.a.catalina.core.StandardService - Stopping service [Tomcat]
[23-09-11 17:07:27] INFO  o.s.b.a.l.ConditionEvaluationReportLogger - 

Error starting ApplicationContext. To display the condition evaluation report re-run your application with 'debug' enabled.
[23-09-11 17:07:34] INFO  kr.couple.web.ProjectApplication - Starting ProjectApplication using Java 17.0.7 with PID 14000 (C:\spring\SpringBootClass\Project\target\classes started by admin in C:\spring\SpringBootClass\Project)
[23-09-11 17:07:34] INFO  kr.couple.web.ProjectApplication - The following 1 profile is active: "local"
[23-09-11 17:07:34] INFO  o.s.d.r.c.RepositoryConfigurationDelegate - Bootstrapping Spring Data JDBC repositories in DEFAULT mode.
[23-09-11 17:07:34] INFO  o.s.d.r.c.RepositoryConfigurationDelegate - Finished Spring Data repository scanning in 1 ms. Found 0 JDBC repository interfaces.
[23-09-11 17:07:34] INFO  o.s.b.w.e.tomcat.TomcatWebServer - Tomcat initialized with port(s): 8080 (http)
[23-09-11 17:07:34] INFO  o.a.coyote.http11.Http11NioProtocol - Initializing ProtocolHandler ["http-nio-8080"]
[23-09-11 17:07:34] INFO  o.a.catalina.core.StandardService - Starting service [Tomcat]
[23-09-11 17:07:34] INFO  o.a.catalina.core.StandardEngine - Starting Servlet engine: [Apache Tomcat/10.1.12]
[23-09-11 17:07:34] INFO  o.a.c.c.C.[.[localhost].[/] - Initializing Spring embedded WebApplicationContext
[23-09-11 17:07:34] INFO  o.s.b.w.s.c.ServletWebServerApplicationContext - Root WebApplicationContext: initialization completed in 290 ms
[23-09-11 17:07:34] INFO  o.a.catalina.core.StandardService - Stopping service [Tomcat]
[23-09-11 17:07:34] INFO  o.s.b.a.l.ConditionEvaluationReportLogger - 

Error starting ApplicationContext. To display the condition evaluation report re-run your application with 'debug' enabled.
[23-09-11 17:07:50] INFO  kr.couple.web.ProjectApplication - Starting ProjectApplication using Java 17.0.7 with PID 14000 (C:\spring\SpringBootClass\Project\target\classes started by admin in C:\spring\SpringBootClass\Project)
[23-09-11 17:07:50] INFO  kr.couple.web.ProjectApplication - The following 1 profile is active: "local"
[23-09-11 17:07:50] INFO  o.s.d.r.c.RepositoryConfigurationDelegate - Bootstrapping Spring Data JDBC repositories in DEFAULT mode.
[23-09-11 17:07:50] INFO  o.s.d.r.c.RepositoryConfigurationDelegate - Finished Spring Data repository scanning in 1 ms. Found 0 JDBC repository interfaces.
[23-09-11 17:07:50] INFO  o.s.b.w.e.tomcat.TomcatWebServer - Tomcat initialized with port(s): 8080 (http)
[23-09-11 17:07:50] INFO  o.a.coyote.http11.Http11NioProtocol - Initializing ProtocolHandler ["http-nio-8080"]
[23-09-11 17:07:50] INFO  o.a.catalina.core.StandardService - Starting service [Tomcat]
[23-09-11 17:07:50] INFO  o.a.catalina.core.StandardEngine - Starting Servlet engine: [Apache Tomcat/10.1.12]
[23-09-11 17:07:50] INFO  o.a.c.c.C.[.[localhost].[/] - Initializing Spring embedded WebApplicationContext
[23-09-11 17:07:50] INFO  o.s.b.w.s.c.ServletWebServerApplicationContext - Root WebApplicationContext: initialization completed in 218 ms
[23-09-11 17:07:50] INFO  o.a.catalina.core.StandardService - Stopping service [Tomcat]
[23-09-11 17:07:50] INFO  o.s.b.a.l.ConditionEvaluationReportLogger - 

Error starting ApplicationContext. To display the condition evaluation report re-run your application with 'debug' enabled.
[23-09-11 17:08:02] INFO  kr.couple.web.ProjectApplication - Starting ProjectApplication using Java 17.0.7 with PID 14000 (C:\spring\SpringBootClass\Project\target\classes started by admin in C:\spring\SpringBootClass\Project)
[23-09-11 17:08:02] INFO  kr.couple.web.ProjectApplication - The following 1 profile is active: "local"
[23-09-11 17:08:02] INFO  o.s.d.r.c.RepositoryConfigurationDelegate - Bootstrapping Spring Data JDBC repositories in DEFAULT mode.
[23-09-11 17:08:02] INFO  o.s.d.r.c.RepositoryConfigurationDelegate - Finished Spring Data repository scanning in 1 ms. Found 0 JDBC repository interfaces.
[23-09-11 17:08:02] INFO  o.s.b.w.e.tomcat.TomcatWebServer - Tomcat initialized with port(s): 8080 (http)
[23-09-11 17:08:02] INFO  o.a.coyote.http11.Http11NioProtocol - Initializing ProtocolHandler ["http-nio-8080"]
[23-09-11 17:08:02] INFO  o.a.catalina.core.StandardService - Starting service [Tomcat]
[23-09-11 17:08:02] INFO  o.a.catalina.core.StandardEngine - Starting Servlet engine: [Apache Tomcat/10.1.12]
[23-09-11 17:08:02] INFO  o.a.c.c.C.[.[localhost].[/] - Initializing Spring embedded WebApplicationContext
[23-09-11 17:08:02] INFO  o.s.b.w.s.c.ServletWebServerApplicationContext - Root WebApplicationContext: initialization completed in 266 ms
[23-09-11 17:08:02] INFO  o.a.catalina.core.StandardService - Stopping service [Tomcat]
[23-09-11 17:08:02] INFO  o.s.b.a.l.ConditionEvaluationReportLogger - 

Error starting ApplicationContext. To display the condition evaluation report re-run your application with 'debug' enabled.
[23-09-11 17:09:16] INFO  kr.couple.web.ProjectApplication - Starting ProjectApplication using Java 17.0.7 with PID 14000 (C:\spring\SpringBootClass\Project\target\classes started by admin in C:\spring\SpringBootClass\Project)
[23-09-11 17:09:16] INFO  kr.couple.web.ProjectApplication - The following 1 profile is active: "local"
[23-09-11 17:09:16] INFO  o.s.d.r.c.RepositoryConfigurationDelegate - Bootstrapping Spring Data JDBC repositories in DEFAULT mode.
[23-09-11 17:09:16] INFO  o.s.d.r.c.RepositoryConfigurationDelegate - Finished Spring Data repository scanning in 1 ms. Found 0 JDBC repository interfaces.
[23-09-11 17:09:16] INFO  o.s.b.w.e.tomcat.TomcatWebServer - Tomcat initialized with port(s): 8080 (http)
[23-09-11 17:09:16] INFO  o.a.coyote.http11.Http11NioProtocol - Initializing ProtocolHandler ["http-nio-8080"]
[23-09-11 17:09:16] INFO  o.a.catalina.core.StandardService - Starting service [Tomcat]
[23-09-11 17:09:16] INFO  o.a.catalina.core.StandardEngine - Starting Servlet engine: [Apache Tomcat/10.1.12]
[23-09-11 17:09:16] INFO  o.a.c.c.C.[.[localhost].[/] - Initializing Spring embedded WebApplicationContext
[23-09-11 17:09:16] INFO  o.s.b.w.s.c.ServletWebServerApplicationContext - Root WebApplicationContext: initialization completed in 220 ms
[23-09-11 17:09:16] INFO  o.a.catalina.core.StandardService - Stopping service [Tomcat]
[23-09-11 17:09:16] INFO  o.s.b.a.l.ConditionEvaluationReportLogger - 

Error starting ApplicationContext. To display the condition evaluation report re-run your application with 'debug' enabled.
[23-09-11 17:09:31] INFO  kr.couple.web.ProjectApplication - Starting ProjectApplication using Java 17.0.7 with PID 14000 (C:\spring\SpringBootClass\Project\target\classes started by admin in C:\spring\SpringBootClass\Project)
[23-09-11 17:09:31] INFO  kr.couple.web.ProjectApplication - The following 1 profile is active: "local"
[23-09-11 17:09:31] INFO  o.s.d.r.c.RepositoryConfigurationDelegate - Bootstrapping Spring Data JDBC repositories in DEFAULT mode.
[23-09-11 17:09:31] INFO  o.s.d.r.c.RepositoryConfigurationDelegate - Finished Spring Data repository scanning in 1 ms. Found 0 JDBC repository interfaces.
[23-09-11 17:09:31] INFO  o.s.b.w.e.tomcat.TomcatWebServer - Tomcat initialized with port(s): 8080 (http)
[23-09-11 17:09:31] INFO  o.a.coyote.http11.Http11NioProtocol - Initializing ProtocolHandler ["http-nio-8080"]
[23-09-11 17:09:31] INFO  o.a.catalina.core.StandardService - Starting service [Tomcat]
[23-09-11 17:09:31] INFO  o.a.catalina.core.StandardEngine - Starting Servlet engine: [Apache Tomcat/10.1.12]
[23-09-11 17:09:31] INFO  o.a.c.c.C.[.[localhost].[/] - Initializing Spring embedded WebApplicationContext
[23-09-11 17:09:31] INFO  o.s.b.w.s.c.ServletWebServerApplicationContext - Root WebApplicationContext: initialization completed in 217 ms
[23-09-11 17:09:31] INFO  o.a.catalina.core.StandardService - Stopping service [Tomcat]
[23-09-11 17:09:31] INFO  o.s.b.a.l.ConditionEvaluationReportLogger - 

Error starting ApplicationContext. To display the condition evaluation report re-run your application with 'debug' enabled.
[23-09-11 17:10:07] INFO  kr.couple.web.ProjectApplication - Starting ProjectApplication using Java 17.0.7 with PID 14000 (C:\spring\SpringBootClass\Project\target\classes started by admin in C:\spring\SpringBootClass\Project)
[23-09-11 17:10:07] INFO  kr.couple.web.ProjectApplication - The following 1 profile is active: "local"
[23-09-11 17:10:07] INFO  o.s.d.r.c.RepositoryConfigurationDelegate - Bootstrapping Spring Data JDBC repositories in DEFAULT mode.
[23-09-11 17:10:07] INFO  o.s.d.r.c.RepositoryConfigurationDelegate - Finished Spring Data repository scanning in 1 ms. Found 0 JDBC repository interfaces.
[23-09-11 17:10:07] INFO  o.s.b.w.e.tomcat.TomcatWebServer - Tomcat initialized with port(s): 8080 (http)
[23-09-11 17:10:07] INFO  o.a.coyote.http11.Http11NioProtocol - Initializing ProtocolHandler ["http-nio-8080"]
[23-09-11 17:10:07] INFO  o.a.catalina.core.StandardService - Starting service [Tomcat]
[23-09-11 17:10:07] INFO  o.a.catalina.core.StandardEngine - Starting Servlet engine: [Apache Tomcat/10.1.12]
[23-09-11 17:10:07] INFO  o.a.c.c.C.[.[localhost].[/] - Initializing Spring embedded WebApplicationContext
[23-09-11 17:10:07] INFO  o.s.b.w.s.c.ServletWebServerApplicationContext - Root WebApplicationContext: initialization completed in 214 ms
[23-09-11 17:10:07] INFO  o.a.catalina.core.StandardService - Stopping service [Tomcat]
[23-09-11 17:10:07] INFO  o.s.b.a.l.ConditionEvaluationReportLogger - 

Error starting ApplicationContext. To display the condition evaluation report re-run your application with 'debug' enabled.
[23-09-11 17:10:23] INFO  kr.couple.web.ProjectApplication - Starting ProjectApplication using Java 17.0.7 with PID 14000 (C:\spring\SpringBootClass\Project\target\classes started by admin in C:\spring\SpringBootClass\Project)
[23-09-11 17:10:23] INFO  kr.couple.web.ProjectApplication - The following 1 profile is active: "local"
[23-09-11 17:10:23] INFO  o.s.d.r.c.RepositoryConfigurationDelegate - Bootstrapping Spring Data JDBC repositories in DEFAULT mode.
[23-09-11 17:10:23] INFO  o.s.d.r.c.RepositoryConfigurationDelegate - Finished Spring Data repository scanning in 1 ms. Found 0 JDBC repository interfaces.
[23-09-11 17:10:23] INFO  o.s.b.w.e.tomcat.TomcatWebServer - Tomcat initialized with port(s): 8080 (http)
[23-09-11 17:10:23] INFO  o.a.coyote.http11.Http11NioProtocol - Initializing ProtocolHandler ["http-nio-8080"]
[23-09-11 17:10:23] INFO  o.a.catalina.core.StandardService - Starting service [Tomcat]
[23-09-11 17:10:23] INFO  o.a.catalina.core.StandardEngine - Starting Servlet engine: [Apache Tomcat/10.1.12]
[23-09-11 17:10:23] INFO  o.a.c.c.C.[.[localhost].[/] - Initializing Spring embedded WebApplicationContext
[23-09-11 17:10:23] INFO  o.s.b.w.s.c.ServletWebServerApplicationContext - Root WebApplicationContext: initialization completed in 214 ms
[23-09-11 17:10:23] INFO  o.a.catalina.core.StandardService - Stopping service [Tomcat]
[23-09-11 17:10:23] INFO  o.s.b.a.l.ConditionEvaluationReportLogger - 

Error starting ApplicationContext. To display the condition evaluation report re-run your application with 'debug' enabled.
[23-09-11 17:10:31] INFO  kr.couple.web.ProjectApplication - Starting ProjectApplication using Java 17.0.7 with PID 14000 (C:\spring\SpringBootClass\Project\target\classes started by admin in C:\spring\SpringBootClass\Project)
[23-09-11 17:10:31] INFO  kr.couple.web.ProjectApplication - The following 1 profile is active: "local"
[23-09-11 17:10:31] INFO  o.s.d.r.c.RepositoryConfigurationDelegate - Bootstrapping Spring Data JDBC repositories in DEFAULT mode.
[23-09-11 17:10:31] INFO  o.s.d.r.c.RepositoryConfigurationDelegate - Finished Spring Data repository scanning in 1 ms. Found 0 JDBC repository interfaces.
[23-09-11 17:10:31] INFO  o.s.b.w.e.tomcat.TomcatWebServer - Tomcat initialized with port(s): 8080 (http)
[23-09-11 17:10:31] INFO  o.a.coyote.http11.Http11NioProtocol - Initializing ProtocolHandler ["http-nio-8080"]
[23-09-11 17:10:31] INFO  o.a.catalina.core.StandardService - Starting service [Tomcat]
[23-09-11 17:10:31] INFO  o.a.catalina.core.StandardEngine - Starting Servlet engine: [Apache Tomcat/10.1.12]
[23-09-11 17:10:31] INFO  o.a.c.c.C.[.[localhost].[/] - Initializing Spring embedded WebApplicationContext
[23-09-11 17:10:31] INFO  o.s.b.w.s.c.ServletWebServerApplicationContext - Root WebApplicationContext: initialization completed in 209 ms
[23-09-11 17:10:31] INFO  o.a.catalina.core.StandardService - Stopping service [Tomcat]
[23-09-11 17:10:31] INFO  o.s.b.a.l.ConditionEvaluationReportLogger - 

Error starting ApplicationContext. To display the condition evaluation report re-run your application with 'debug' enabled.
[23-09-11 17:10:41] INFO  kr.couple.web.ProjectApplication - Starting ProjectApplication using Java 17.0.7 with PID 14000 (C:\spring\SpringBootClass\Project\target\classes started by admin in C:\spring\SpringBootClass\Project)
[23-09-11 17:10:41] INFO  kr.couple.web.ProjectApplication - The following 1 profile is active: "local"
[23-09-11 17:10:41] INFO  o.s.d.r.c.RepositoryConfigurationDelegate - Bootstrapping Spring Data JDBC repositories in DEFAULT mode.
[23-09-11 17:10:41] INFO  o.s.d.r.c.RepositoryConfigurationDelegate - Finished Spring Data repository scanning in 1 ms. Found 0 JDBC repository interfaces.
[23-09-11 17:10:41] INFO  o.s.b.w.e.tomcat.TomcatWebServer - Tomcat initialized with port(s): 8080 (http)
[23-09-11 17:10:41] INFO  o.a.coyote.http11.Http11NioProtocol - Initializing ProtocolHandler ["http-nio-8080"]
[23-09-11 17:10:41] INFO  o.a.catalina.core.StandardService - Starting service [Tomcat]
[23-09-11 17:10:41] INFO  o.a.catalina.core.StandardEngine - Starting Servlet engine: [Apache Tomcat/10.1.12]
[23-09-11 17:10:41] INFO  o.a.c.c.C.[.[localhost].[/] - Initializing Spring embedded WebApplicationContext
[23-09-11 17:10:41] INFO  o.s.b.w.s.c.ServletWebServerApplicationContext - Root WebApplicationContext: initialization completed in 213 ms
[23-09-11 17:10:41] INFO  o.a.catalina.core.StandardService - Stopping service [Tomcat]
[23-09-11 17:10:41] INFO  o.s.b.a.l.ConditionEvaluationReportLogger - 

Error starting ApplicationContext. To display the condition evaluation report re-run your application with 'debug' enabled.
[23-09-11 17:13:17] INFO  kr.couple.web.ProjectApplication - Starting ProjectApplication using Java 17.0.7 with PID 14000 (C:\spring\SpringBootClass\Project\target\classes started by admin in C:\spring\SpringBootClass\Project)
[23-09-11 17:13:17] INFO  kr.couple.web.ProjectApplication - The following 1 profile is active: "local"
[23-09-11 17:13:17] INFO  o.s.d.r.c.RepositoryConfigurationDelegate - Bootstrapping Spring Data JDBC repositories in DEFAULT mode.
[23-09-11 17:13:17] INFO  o.s.d.r.c.RepositoryConfigurationDelegate - Finished Spring Data repository scanning in 1 ms. Found 0 JDBC repository interfaces.
[23-09-11 17:13:17] INFO  o.s.b.w.e.tomcat.TomcatWebServer - Tomcat initialized with port(s): 8080 (http)
[23-09-11 17:13:17] INFO  o.a.coyote.http11.Http11NioProtocol - Initializing ProtocolHandler ["http-nio-8080"]
[23-09-11 17:13:17] INFO  o.a.catalina.core.StandardService - Starting service [Tomcat]
[23-09-11 17:13:17] INFO  o.a.catalina.core.StandardEngine - Starting Servlet engine: [Apache Tomcat/10.1.12]
[23-09-11 17:13:17] INFO  o.a.c.c.C.[.[localhost].[/] - Initializing Spring embedded WebApplicationContext
[23-09-11 17:13:17] INFO  o.s.b.w.s.c.ServletWebServerApplicationContext - Root WebApplicationContext: initialization completed in 228 ms
[23-09-11 17:13:17] INFO  o.a.catalina.core.StandardService - Stopping service [Tomcat]
[23-09-11 17:13:17] INFO  o.s.b.a.l.ConditionEvaluationReportLogger - 

Error starting ApplicationContext. To display the condition evaluation report re-run your application with 'debug' enabled.
[23-09-11 17:13:23] INFO  kr.couple.web.ProjectApplication - Starting ProjectApplication using Java 17.0.7 with PID 14000 (C:\spring\SpringBootClass\Project\target\classes started by admin in C:\spring\SpringBootClass\Project)
[23-09-11 17:13:23] INFO  kr.couple.web.ProjectApplication - The following 1 profile is active: "local"
[23-09-11 17:13:23] INFO  o.s.d.r.c.RepositoryConfigurationDelegate - Bootstrapping Spring Data JDBC repositories in DEFAULT mode.
[23-09-11 17:13:23] INFO  o.s.d.r.c.RepositoryConfigurationDelegate - Finished Spring Data repository scanning in 1 ms. Found 0 JDBC repository interfaces.
[23-09-11 17:13:23] INFO  o.s.b.w.e.tomcat.TomcatWebServer - Tomcat initialized with port(s): 8080 (http)
[23-09-11 17:13:23] INFO  o.a.coyote.http11.Http11NioProtocol - Initializing ProtocolHandler ["http-nio-8080"]
[23-09-11 17:13:23] INFO  o.a.catalina.core.StandardService - Starting service [Tomcat]
[23-09-11 17:13:23] INFO  o.a.catalina.core.StandardEngine - Starting Servlet engine: [Apache Tomcat/10.1.12]
[23-09-11 17:13:23] INFO  o.a.c.c.C.[.[localhost].[/] - Initializing Spring embedded WebApplicationContext
[23-09-11 17:13:23] INFO  o.s.b.w.s.c.ServletWebServerApplicationContext - Root WebApplicationContext: initialization completed in 236 ms
[23-09-11 17:13:23] INFO  o.a.catalina.core.StandardService - Stopping service [Tomcat]
[23-09-11 17:13:23] INFO  o.s.b.a.l.ConditionEvaluationReportLogger - 

Error starting ApplicationContext. To display the condition evaluation report re-run your application with 'debug' enabled.
[23-09-11 17:13:40] INFO  kr.couple.web.ProjectApplication - Starting ProjectApplication using Java 17.0.7 with PID 14000 (C:\spring\SpringBootClass\Project\target\classes started by admin in C:\spring\SpringBootClass\Project)
[23-09-11 17:13:40] INFO  kr.couple.web.ProjectApplication - The following 1 profile is active: "local"
[23-09-11 17:13:40] INFO  o.s.d.r.c.RepositoryConfigurationDelegate - Bootstrapping Spring Data JDBC repositories in DEFAULT mode.
[23-09-11 17:13:40] INFO  o.s.d.r.c.RepositoryConfigurationDelegate - Finished Spring Data repository scanning in 1 ms. Found 0 JDBC repository interfaces.
[23-09-11 17:13:40] INFO  o.s.b.w.e.tomcat.TomcatWebServer - Tomcat initialized with port(s): 8080 (http)
[23-09-11 17:13:40] INFO  o.a.coyote.http11.Http11NioProtocol - Initializing ProtocolHandler ["http-nio-8080"]
[23-09-11 17:13:40] INFO  o.a.catalina.core.StandardService - Starting service [Tomcat]
[23-09-11 17:13:40] INFO  o.a.catalina.core.StandardEngine - Starting Servlet engine: [Apache Tomcat/10.1.12]
[23-09-11 17:13:40] INFO  o.a.c.c.C.[.[localhost].[/] - Initializing Spring embedded WebApplicationContext
[23-09-11 17:13:40] INFO  o.s.b.w.s.c.ServletWebServerApplicationContext - Root WebApplicationContext: initialization completed in 218 ms
[23-09-11 17:13:40] INFO  o.a.catalina.core.StandardService - Stopping service [Tomcat]
[23-09-11 17:13:40] INFO  o.s.b.a.l.ConditionEvaluationReportLogger - 

Error starting ApplicationContext. To display the condition evaluation report re-run your application with 'debug' enabled.
[23-09-11 17:13:48] INFO  kr.couple.web.ProjectApplication - Starting ProjectApplication using Java 17.0.7 with PID 14000 (C:\spring\SpringBootClass\Project\target\classes started by admin in C:\spring\SpringBootClass\Project)
[23-09-11 17:13:48] INFO  kr.couple.web.ProjectApplication - The following 1 profile is active: "local"
[23-09-11 17:13:48] INFO  o.s.d.r.c.RepositoryConfigurationDelegate - Bootstrapping Spring Data JDBC repositories in DEFAULT mode.
[23-09-11 17:13:48] INFO  o.s.d.r.c.RepositoryConfigurationDelegate - Finished Spring Data repository scanning in 1 ms. Found 0 JDBC repository interfaces.
[23-09-11 17:13:48] INFO  o.s.b.w.e.tomcat.TomcatWebServer - Tomcat initialized with port(s): 8080 (http)
[23-09-11 17:13:48] INFO  o.a.coyote.http11.Http11NioProtocol - Initializing ProtocolHandler ["http-nio-8080"]
[23-09-11 17:13:48] INFO  o.a.catalina.core.StandardService - Starting service [Tomcat]
[23-09-11 17:13:48] INFO  o.a.catalina.core.StandardEngine - Starting Servlet engine: [Apache Tomcat/10.1.12]
[23-09-11 17:13:48] INFO  o.a.c.c.C.[.[localhost].[/] - Initializing Spring embedded WebApplicationContext
[23-09-11 17:13:48] INFO  o.s.b.w.s.c.ServletWebServerApplicationContext - Root WebApplicationContext: initialization completed in 212 ms
[23-09-11 17:13:48] INFO  o.a.catalina.core.StandardService - Stopping service [Tomcat]
[23-09-11 17:13:48] INFO  o.s.b.a.l.ConditionEvaluationReportLogger - 

Error starting ApplicationContext. To display the condition evaluation report re-run your application with 'debug' enabled.
[23-09-11 17:13:55] INFO  kr.couple.web.ProjectApplication - Starting ProjectApplication using Java 17.0.7 with PID 14000 (C:\spring\SpringBootClass\Project\target\classes started by admin in C:\spring\SpringBootClass\Project)
[23-09-11 17:13:55] INFO  kr.couple.web.ProjectApplication - The following 1 profile is active: "local"
[23-09-11 17:13:55] INFO  o.s.d.r.c.RepositoryConfigurationDelegate - Bootstrapping Spring Data JDBC repositories in DEFAULT mode.
[23-09-11 17:13:55] INFO  o.s.d.r.c.RepositoryConfigurationDelegate - Finished Spring Data repository scanning in 1 ms. Found 0 JDBC repository interfaces.
[23-09-11 17:13:55] INFO  o.s.b.w.e.tomcat.TomcatWebServer - Tomcat initialized with port(s): 8080 (http)
[23-09-11 17:13:55] INFO  o.a.coyote.http11.Http11NioProtocol - Initializing ProtocolHandler ["http-nio-8080"]
[23-09-11 17:13:55] INFO  o.a.catalina.core.StandardService - Starting service [Tomcat]
[23-09-11 17:13:55] INFO  o.a.catalina.core.StandardEngine - Starting Servlet engine: [Apache Tomcat/10.1.12]
[23-09-11 17:13:55] INFO  o.a.c.c.C.[.[localhost].[/] - Initializing Spring embedded WebApplicationContext
[23-09-11 17:13:55] INFO  o.s.b.w.s.c.ServletWebServerApplicationContext - Root WebApplicationContext: initialization completed in 215 ms
[23-09-11 17:13:55] INFO  o.a.catalina.core.StandardService - Stopping service [Tomcat]
[23-09-11 17:13:55] INFO  o.s.b.a.l.ConditionEvaluationReportLogger - 

Error starting ApplicationContext. To display the condition evaluation report re-run your application with 'debug' enabled.
[23-09-11 17:14:04] INFO  kr.couple.web.ProjectApplication - Starting ProjectApplication using Java 17.0.7 with PID 14000 (C:\spring\SpringBootClass\Project\target\classes started by admin in C:\spring\SpringBootClass\Project)
[23-09-11 17:14:04] INFO  kr.couple.web.ProjectApplication - The following 1 profile is active: "local"
[23-09-11 17:14:04] INFO  o.s.d.r.c.RepositoryConfigurationDelegate - Bootstrapping Spring Data JDBC repositories in DEFAULT mode.
[23-09-11 17:14:04] INFO  o.s.d.r.c.RepositoryConfigurationDelegate - Finished Spring Data repository scanning in 1 ms. Found 0 JDBC repository interfaces.
[23-09-11 17:14:04] INFO  o.s.b.w.e.tomcat.TomcatWebServer - Tomcat initialized with port(s): 8080 (http)
[23-09-11 17:14:04] INFO  o.a.coyote.http11.Http11NioProtocol - Initializing ProtocolHandler ["http-nio-8080"]
[23-09-11 17:14:04] INFO  o.a.catalina.core.StandardService - Starting service [Tomcat]
[23-09-11 17:14:04] INFO  o.a.catalina.core.StandardEngine - Starting Servlet engine: [Apache Tomcat/10.1.12]
[23-09-11 17:14:04] INFO  o.a.c.c.C.[.[localhost].[/] - Initializing Spring embedded WebApplicationContext
[23-09-11 17:14:04] INFO  o.s.b.w.s.c.ServletWebServerApplicationContext - Root WebApplicationContext: initialization completed in 241 ms
[23-09-11 17:14:04] INFO  o.a.catalina.core.StandardService - Stopping service [Tomcat]
[23-09-11 17:14:04] INFO  o.s.b.a.l.ConditionEvaluationReportLogger - 

Error starting ApplicationContext. To display the condition evaluation report re-run your application with 'debug' enabled.
[23-09-11 17:14:20] INFO  kr.couple.web.ProjectApplication - Starting ProjectApplication using Java 17.0.7 with PID 14000 (C:\spring\SpringBootClass\Project\target\classes started by admin in C:\spring\SpringBootClass\Project)
[23-09-11 17:14:20] INFO  kr.couple.web.ProjectApplication - The following 1 profile is active: "local"
[23-09-11 17:14:20] INFO  o.s.d.r.c.RepositoryConfigurationDelegate - Bootstrapping Spring Data JDBC repositories in DEFAULT mode.
[23-09-11 17:14:20] INFO  o.s.d.r.c.RepositoryConfigurationDelegate - Finished Spring Data repository scanning in 1 ms. Found 0 JDBC repository interfaces.
[23-09-11 17:14:20] INFO  o.s.b.w.e.tomcat.TomcatWebServer - Tomcat initialized with port(s): 8080 (http)
[23-09-11 17:14:20] INFO  o.a.coyote.http11.Http11NioProtocol - Initializing ProtocolHandler ["http-nio-8080"]
[23-09-11 17:14:20] INFO  o.a.catalina.core.StandardService - Starting service [Tomcat]
[23-09-11 17:14:20] INFO  o.a.catalina.core.StandardEngine - Starting Servlet engine: [Apache Tomcat/10.1.12]
[23-09-11 17:14:20] INFO  o.a.c.c.C.[.[localhost].[/] - Initializing Spring embedded WebApplicationContext
[23-09-11 17:14:20] INFO  o.s.b.w.s.c.ServletWebServerApplicationContext - Root WebApplicationContext: initialization completed in 218 ms
[23-09-11 17:14:20] INFO  o.a.catalina.core.StandardService - Stopping service [Tomcat]
[23-09-11 17:14:20] INFO  o.s.b.a.l.ConditionEvaluationReportLogger - 

Error starting ApplicationContext. To display the condition evaluation report re-run your application with 'debug' enabled.
[23-09-11 17:14:36] INFO  kr.couple.web.ProjectApplication - Starting ProjectApplication using Java 17.0.7 with PID 14000 (C:\spring\SpringBootClass\Project\target\classes started by admin in C:\spring\SpringBootClass\Project)
[23-09-11 17:14:36] INFO  kr.couple.web.ProjectApplication - The following 1 profile is active: "local"
[23-09-11 17:14:36] INFO  o.s.d.r.c.RepositoryConfigurationDelegate - Bootstrapping Spring Data JDBC repositories in DEFAULT mode.
[23-09-11 17:14:36] INFO  o.s.d.r.c.RepositoryConfigurationDelegate - Finished Spring Data repository scanning in 1 ms. Found 0 JDBC repository interfaces.
[23-09-11 17:14:36] INFO  o.s.b.w.e.tomcat.TomcatWebServer - Tomcat initialized with port(s): 8080 (http)
[23-09-11 17:14:36] INFO  o.a.coyote.http11.Http11NioProtocol - Initializing ProtocolHandler ["http-nio-8080"]
[23-09-11 17:14:36] INFO  o.a.catalina.core.StandardService - Starting service [Tomcat]
[23-09-11 17:14:36] INFO  o.a.catalina.core.StandardEngine - Starting Servlet engine: [Apache Tomcat/10.1.12]
[23-09-11 17:14:36] INFO  o.a.c.c.C.[.[localhost].[/] - Initializing Spring embedded WebApplicationContext
[23-09-11 17:14:36] INFO  o.s.b.w.s.c.ServletWebServerApplicationContext - Root WebApplicationContext: initialization completed in 216 ms
[23-09-11 17:14:36] INFO  o.a.catalina.core.StandardService - Stopping service [Tomcat]
[23-09-11 17:14:36] INFO  o.s.b.a.l.ConditionEvaluationReportLogger - 

Error starting ApplicationContext. To display the condition evaluation report re-run your application with 'debug' enabled.
[23-09-11 17:14:42] INFO  kr.couple.web.ProjectApplication - Starting ProjectApplication using Java 17.0.7 with PID 14000 (C:\spring\SpringBootClass\Project\target\classes started by admin in C:\spring\SpringBootClass\Project)
[23-09-11 17:14:42] INFO  kr.couple.web.ProjectApplication - The following 1 profile is active: "local"
[23-09-11 17:14:42] INFO  o.s.d.r.c.RepositoryConfigurationDelegate - Bootstrapping Spring Data JDBC repositories in DEFAULT mode.
[23-09-11 17:14:42] INFO  o.s.d.r.c.RepositoryConfigurationDelegate - Finished Spring Data repository scanning in 1 ms. Found 0 JDBC repository interfaces.
[23-09-11 17:14:42] INFO  o.s.b.w.e.tomcat.TomcatWebServer - Tomcat initialized with port(s): 8080 (http)
[23-09-11 17:14:42] INFO  o.a.coyote.http11.Http11NioProtocol - Initializing ProtocolHandler ["http-nio-8080"]
[23-09-11 17:14:42] INFO  o.a.catalina.core.StandardService - Starting service [Tomcat]
[23-09-11 17:14:42] INFO  o.a.catalina.core.StandardEngine - Starting Servlet engine: [Apache Tomcat/10.1.12]
[23-09-11 17:14:42] INFO  o.a.c.c.C.[.[localhost].[/] - Initializing Spring embedded WebApplicationContext
[23-09-11 17:14:42] INFO  o.s.b.w.s.c.ServletWebServerApplicationContext - Root WebApplicationContext: initialization completed in 211 ms
[23-09-11 17:14:42] INFO  o.a.catalina.core.StandardService - Stopping service [Tomcat]
[23-09-11 17:14:42] INFO  o.s.b.a.l.ConditionEvaluationReportLogger - 

Error starting ApplicationContext. To display the condition evaluation report re-run your application with 'debug' enabled.
[23-09-11 17:14:45] INFO  kr.couple.web.ProjectApplication - Starting ProjectApplication using Java 17.0.7 with PID 14000 (C:\spring\SpringBootClass\Project\target\classes started by admin in C:\spring\SpringBootClass\Project)
[23-09-11 17:14:45] INFO  kr.couple.web.ProjectApplication - The following 1 profile is active: "local"
[23-09-11 17:14:45] INFO  o.s.d.r.c.RepositoryConfigurationDelegate - Bootstrapping Spring Data JDBC repositories in DEFAULT mode.
[23-09-11 17:14:45] INFO  o.s.d.r.c.RepositoryConfigurationDelegate - Finished Spring Data repository scanning in 1 ms. Found 0 JDBC repository interfaces.
[23-09-11 17:14:45] INFO  o.s.b.w.e.tomcat.TomcatWebServer - Tomcat initialized with port(s): 8080 (http)
[23-09-11 17:14:45] INFO  o.a.coyote.http11.Http11NioProtocol - Initializing ProtocolHandler ["http-nio-8080"]
[23-09-11 17:14:45] INFO  o.a.catalina.core.StandardService - Starting service [Tomcat]
[23-09-11 17:14:45] INFO  o.a.catalina.core.StandardEngine - Starting Servlet engine: [Apache Tomcat/10.1.12]
[23-09-11 17:14:45] INFO  o.a.c.c.C.[.[localhost].[/] - Initializing Spring embedded WebApplicationContext
[23-09-11 17:14:45] INFO  o.s.b.w.s.c.ServletWebServerApplicationContext - Root WebApplicationContext: initialization completed in 250 ms
[23-09-11 17:14:45] INFO  o.a.catalina.core.StandardService - Stopping service [Tomcat]
[23-09-11 17:14:45] INFO  o.s.b.a.l.ConditionEvaluationReportLogger - 

Error starting ApplicationContext. To display the condition evaluation report re-run your application with 'debug' enabled.
[23-09-11 17:14:50] INFO  kr.couple.web.ProjectApplication - Starting ProjectApplication using Java 17.0.7 with PID 14000 (C:\spring\SpringBootClass\Project\target\classes started by admin in C:\spring\SpringBootClass\Project)
[23-09-11 17:14:50] INFO  kr.couple.web.ProjectApplication - The following 1 profile is active: "local"
[23-09-11 17:14:50] INFO  o.s.d.r.c.RepositoryConfigurationDelegate - Bootstrapping Spring Data JDBC repositories in DEFAULT mode.
[23-09-11 17:14:50] INFO  o.s.d.r.c.RepositoryConfigurationDelegate - Finished Spring Data repository scanning in 1 ms. Found 0 JDBC repository interfaces.
[23-09-11 17:14:50] INFO  o.s.b.w.e.tomcat.TomcatWebServer - Tomcat initialized with port(s): 8080 (http)
[23-09-11 17:14:50] INFO  o.a.coyote.http11.Http11NioProtocol - Initializing ProtocolHandler ["http-nio-8080"]
[23-09-11 17:14:50] INFO  o.a.catalina.core.StandardService - Starting service [Tomcat]
[23-09-11 17:14:50] INFO  o.a.catalina.core.StandardEngine - Starting Servlet engine: [Apache Tomcat/10.1.12]
[23-09-11 17:14:50] INFO  o.a.c.c.C.[.[localhost].[/] - Initializing Spring embedded WebApplicationContext
[23-09-11 17:14:50] INFO  o.s.b.w.s.c.ServletWebServerApplicationContext - Root WebApplicationContext: initialization completed in 210 ms
[23-09-11 17:14:50] INFO  o.a.catalina.core.StandardService - Stopping service [Tomcat]
[23-09-11 17:14:50] INFO  o.s.b.a.l.ConditionEvaluationReportLogger - 

Error starting ApplicationContext. To display the condition evaluation report re-run your application with 'debug' enabled.
[23-09-11 17:15:06] INFO  kr.couple.web.ProjectApplication - Starting ProjectApplication using Java 17.0.7 with PID 14000 (C:\spring\SpringBootClass\Project\target\classes started by admin in C:\spring\SpringBootClass\Project)
[23-09-11 17:15:06] INFO  kr.couple.web.ProjectApplication - The following 1 profile is active: "local"
[23-09-11 17:15:06] INFO  o.s.d.r.c.RepositoryConfigurationDelegate - Bootstrapping Spring Data JDBC repositories in DEFAULT mode.
[23-09-11 17:15:06] INFO  o.s.d.r.c.RepositoryConfigurationDelegate - Finished Spring Data repository scanning in 1 ms. Found 0 JDBC repository interfaces.
[23-09-11 17:15:06] INFO  o.s.b.w.e.tomcat.TomcatWebServer - Tomcat initialized with port(s): 8080 (http)
[23-09-11 17:15:06] INFO  o.a.coyote.http11.Http11NioProtocol - Initializing ProtocolHandler ["http-nio-8080"]
[23-09-11 17:15:06] INFO  o.a.catalina.core.StandardService - Starting service [Tomcat]
[23-09-11 17:15:06] INFO  o.a.catalina.core.StandardEngine - Starting Servlet engine: [Apache Tomcat/10.1.12]
[23-09-11 17:15:06] INFO  o.a.c.c.C.[.[localhost].[/] - Initializing Spring embedded WebApplicationContext
[23-09-11 17:15:06] INFO  o.s.b.w.s.c.ServletWebServerApplicationContext - Root WebApplicationContext: initialization completed in 210 ms
[23-09-11 17:15:06] INFO  o.a.catalina.core.StandardService - Stopping service [Tomcat]
[23-09-11 17:15:06] INFO  o.s.b.a.l.ConditionEvaluationReportLogger - 

Error starting ApplicationContext. To display the condition evaluation report re-run your application with 'debug' enabled.
[23-09-11 17:15:29] INFO  kr.couple.web.ProjectApplication - Starting ProjectApplication using Java 17.0.7 with PID 14000 (C:\spring\SpringBootClass\Project\target\classes started by admin in C:\spring\SpringBootClass\Project)
[23-09-11 17:15:29] INFO  kr.couple.web.ProjectApplication - The following 1 profile is active: "local"
[23-09-11 17:15:30] INFO  o.s.d.r.c.RepositoryConfigurationDelegate - Bootstrapping Spring Data JDBC repositories in DEFAULT mode.
[23-09-11 17:15:30] INFO  o.s.d.r.c.RepositoryConfigurationDelegate - Finished Spring Data repository scanning in 1 ms. Found 0 JDBC repository interfaces.
[23-09-11 17:15:30] INFO  o.s.b.w.e.tomcat.TomcatWebServer - Tomcat initialized with port(s): 8080 (http)
[23-09-11 17:15:30] INFO  o.a.coyote.http11.Http11NioProtocol - Initializing ProtocolHandler ["http-nio-8080"]
[23-09-11 17:15:30] INFO  o.a.catalina.core.StandardService - Starting service [Tomcat]
[23-09-11 17:15:30] INFO  o.a.catalina.core.StandardEngine - Starting Servlet engine: [Apache Tomcat/10.1.12]
[23-09-11 17:15:30] INFO  o.a.c.c.C.[.[localhost].[/] - Initializing Spring embedded WebApplicationContext
[23-09-11 17:15:30] INFO  o.s.b.w.s.c.ServletWebServerApplicationContext - Root WebApplicationContext: initialization completed in 226 ms
[23-09-11 17:15:30] INFO  o.a.catalina.core.StandardService - Stopping service [Tomcat]
[23-09-11 17:15:30] INFO  o.s.b.a.l.ConditionEvaluationReportLogger - 

Error starting ApplicationContext. To display the condition evaluation report re-run your application with 'debug' enabled.
[23-09-11 17:16:10] INFO  kr.couple.web.ProjectApplication - Starting ProjectApplication using Java 17.0.7 with PID 14000 (C:\spring\SpringBootClass\Project\target\classes started by admin in C:\spring\SpringBootClass\Project)
[23-09-11 17:16:10] INFO  kr.couple.web.ProjectApplication - The following 1 profile is active: "local"
[23-09-11 17:16:10] INFO  o.s.d.r.c.RepositoryConfigurationDelegate - Bootstrapping Spring Data JDBC repositories in DEFAULT mode.
[23-09-11 17:16:10] INFO  o.s.d.r.c.RepositoryConfigurationDelegate - Finished Spring Data repository scanning in 1 ms. Found 0 JDBC repository interfaces.
[23-09-11 17:16:10] INFO  o.s.b.w.e.tomcat.TomcatWebServer - Tomcat initialized with port(s): 8080 (http)
[23-09-11 17:16:10] INFO  o.a.coyote.http11.Http11NioProtocol - Initializing ProtocolHandler ["http-nio-8080"]
[23-09-11 17:16:10] INFO  o.a.catalina.core.StandardService - Starting service [Tomcat]
[23-09-11 17:16:10] INFO  o.a.catalina.core.StandardEngine - Starting Servlet engine: [Apache Tomcat/10.1.12]
[23-09-11 17:16:11] INFO  o.a.c.c.C.[.[localhost].[/] - Initializing Spring embedded WebApplicationContext
[23-09-11 17:16:11] INFO  o.s.b.w.s.c.ServletWebServerApplicationContext - Root WebApplicationContext: initialization completed in 219 ms
[23-09-11 17:16:11] INFO  o.a.catalina.core.StandardService - Stopping service [Tomcat]
[23-09-11 17:16:11] INFO  o.s.b.a.l.ConditionEvaluationReportLogger - 

Error starting ApplicationContext. To display the condition evaluation report re-run your application with 'debug' enabled.
[23-09-11 17:16:15] INFO  kr.couple.web.ProjectApplication - Starting ProjectApplication using Java 17.0.7 with PID 14000 (C:\spring\SpringBootClass\Project\target\classes started by admin in C:\spring\SpringBootClass\Project)
[23-09-11 17:16:15] INFO  kr.couple.web.ProjectApplication - The following 1 profile is active: "local"
[23-09-11 17:16:15] INFO  o.s.d.r.c.RepositoryConfigurationDelegate - Bootstrapping Spring Data JDBC repositories in DEFAULT mode.
[23-09-11 17:16:15] INFO  o.s.d.r.c.RepositoryConfigurationDelegate - Finished Spring Data repository scanning in 1 ms. Found 0 JDBC repository interfaces.
[23-09-11 17:16:15] INFO  o.s.b.w.e.tomcat.TomcatWebServer - Tomcat initialized with port(s): 8080 (http)
[23-09-11 17:16:15] INFO  o.a.coyote.http11.Http11NioProtocol - Initializing ProtocolHandler ["http-nio-8080"]
[23-09-11 17:16:15] INFO  o.a.catalina.core.StandardService - Starting service [Tomcat]
[23-09-11 17:16:15] INFO  o.a.catalina.core.StandardEngine - Starting Servlet engine: [Apache Tomcat/10.1.12]
[23-09-11 17:16:15] INFO  o.a.c.c.C.[.[localhost].[/] - Initializing Spring embedded WebApplicationContext
[23-09-11 17:16:15] INFO  o.s.b.w.s.c.ServletWebServerApplicationContext - Root WebApplicationContext: initialization completed in 224 ms
[23-09-11 17:16:15] INFO  o.a.catalina.core.StandardService - Stopping service [Tomcat]
[23-09-11 17:16:15] INFO  o.s.b.a.l.ConditionEvaluationReportLogger - 

Error starting ApplicationContext. To display the condition evaluation report re-run your application with 'debug' enabled.
[23-09-11 17:17:02] INFO  kr.couple.web.ProjectApplication - Starting ProjectApplication using Java 17.0.7 with PID 14000 (C:\spring\SpringBootClass\Project\target\classes started by admin in C:\spring\SpringBootClass\Project)
[23-09-11 17:17:02] INFO  kr.couple.web.ProjectApplication - The following 1 profile is active: "local"
[23-09-11 17:17:02] INFO  o.s.d.r.c.RepositoryConfigurationDelegate - Bootstrapping Spring Data JDBC repositories in DEFAULT mode.
[23-09-11 17:17:02] INFO  o.s.d.r.c.RepositoryConfigurationDelegate - Finished Spring Data repository scanning in 1 ms. Found 0 JDBC repository interfaces.
[23-09-11 17:17:03] INFO  o.s.b.w.e.tomcat.TomcatWebServer - Tomcat initialized with port(s): 8080 (http)
[23-09-11 17:17:03] INFO  o.a.coyote.http11.Http11NioProtocol - Initializing ProtocolHandler ["http-nio-8080"]
[23-09-11 17:17:03] INFO  o.a.catalina.core.StandardService - Starting service [Tomcat]
[23-09-11 17:17:03] INFO  o.a.catalina.core.StandardEngine - Starting Servlet engine: [Apache Tomcat/10.1.12]
[23-09-11 17:17:03] INFO  o.a.c.c.C.[.[localhost].[/] - Initializing Spring embedded WebApplicationContext
[23-09-11 17:17:03] INFO  o.s.b.w.s.c.ServletWebServerApplicationContext - Root WebApplicationContext: initialization completed in 225 ms
[23-09-11 17:17:03] INFO  o.a.catalina.core.StandardService - Stopping service [Tomcat]
[23-09-11 17:17:03] INFO  o.s.b.a.l.ConditionEvaluationReportLogger - 

Error starting ApplicationContext. To display the condition evaluation report re-run your application with 'debug' enabled.
[23-09-11 17:19:46] INFO  kr.couple.web.ProjectApplication - Starting ProjectApplication using Java 17.0.7 with PID 14000 (C:\spring\SpringBootClass\Project\target\classes started by admin in C:\spring\SpringBootClass\Project)
[23-09-11 17:19:46] INFO  kr.couple.web.ProjectApplication - The following 1 profile is active: "local"
[23-09-11 17:19:46] INFO  o.s.d.r.c.RepositoryConfigurationDelegate - Bootstrapping Spring Data JDBC repositories in DEFAULT mode.
[23-09-11 17:19:46] INFO  o.s.d.r.c.RepositoryConfigurationDelegate - Finished Spring Data repository scanning in 1 ms. Found 0 JDBC repository interfaces.
[23-09-11 17:19:46] INFO  o.s.b.w.e.tomcat.TomcatWebServer - Tomcat initialized with port(s): 8080 (http)
[23-09-11 17:19:46] INFO  o.a.coyote.http11.Http11NioProtocol - Initializing ProtocolHandler ["http-nio-8080"]
[23-09-11 17:19:46] INFO  o.a.catalina.core.StandardService - Starting service [Tomcat]
[23-09-11 17:19:46] INFO  o.a.catalina.core.StandardEngine - Starting Servlet engine: [Apache Tomcat/10.1.12]
[23-09-11 17:19:46] INFO  o.a.c.c.C.[.[localhost].[/] - Initializing Spring embedded WebApplicationContext
[23-09-11 17:19:46] INFO  o.s.b.w.s.c.ServletWebServerApplicationContext - Root WebApplicationContext: initialization completed in 228 ms
[23-09-11 17:19:46] INFO  o.a.catalina.core.StandardService - Stopping service [Tomcat]
[23-09-11 17:19:46] INFO  o.s.b.a.l.ConditionEvaluationReportLogger - 

Error starting ApplicationContext. To display the condition evaluation report re-run your application with 'debug' enabled.
[23-09-11 17:19:56] INFO  kr.couple.web.ProjectApplication - Starting ProjectApplication using Java 17.0.7 with PID 14000 (C:\spring\SpringBootClass\Project\target\classes started by admin in C:\spring\SpringBootClass\Project)
[23-09-11 17:19:56] INFO  kr.couple.web.ProjectApplication - The following 1 profile is active: "local"
[23-09-11 17:19:56] INFO  o.s.d.r.c.RepositoryConfigurationDelegate - Bootstrapping Spring Data JDBC repositories in DEFAULT mode.
[23-09-11 17:19:56] INFO  o.s.d.r.c.RepositoryConfigurationDelegate - Finished Spring Data repository scanning in 1 ms. Found 0 JDBC repository interfaces.
[23-09-11 17:19:56] INFO  o.s.b.w.e.tomcat.TomcatWebServer - Tomcat initialized with port(s): 8080 (http)
[23-09-11 17:19:56] INFO  o.a.coyote.http11.Http11NioProtocol - Initializing ProtocolHandler ["http-nio-8080"]
[23-09-11 17:19:56] INFO  o.a.catalina.core.StandardService - Starting service [Tomcat]
[23-09-11 17:19:56] INFO  o.a.catalina.core.StandardEngine - Starting Servlet engine: [Apache Tomcat/10.1.12]
[23-09-11 17:19:56] INFO  o.a.c.c.C.[.[localhost].[/] - Initializing Spring embedded WebApplicationContext
[23-09-11 17:19:56] INFO  o.s.b.w.s.c.ServletWebServerApplicationContext - Root WebApplicationContext: initialization completed in 209 ms
[23-09-11 17:19:56] INFO  o.a.catalina.core.StandardService - Stopping service [Tomcat]
[23-09-11 17:19:56] INFO  o.s.b.a.l.ConditionEvaluationReportLogger - 

Error starting ApplicationContext. To display the condition evaluation report re-run your application with 'debug' enabled.
[23-09-11 17:20:09] INFO  kr.couple.web.ProjectApplication - Starting ProjectApplication using Java 17.0.7 with PID 14000 (C:\spring\SpringBootClass\Project\target\classes started by admin in C:\spring\SpringBootClass\Project)
[23-09-11 17:20:09] INFO  kr.couple.web.ProjectApplication - The following 1 profile is active: "local"
[23-09-11 17:20:09] INFO  o.s.d.r.c.RepositoryConfigurationDelegate - Bootstrapping Spring Data JDBC repositories in DEFAULT mode.
[23-09-11 17:20:09] INFO  o.s.d.r.c.RepositoryConfigurationDelegate - Finished Spring Data repository scanning in 1 ms. Found 0 JDBC repository interfaces.
[23-09-11 17:20:09] INFO  o.s.b.w.e.tomcat.TomcatWebServer - Tomcat initialized with port(s): 8080 (http)
[23-09-11 17:20:09] INFO  o.a.coyote.http11.Http11NioProtocol - Initializing ProtocolHandler ["http-nio-8080"]
[23-09-11 17:20:09] INFO  o.a.catalina.core.StandardService - Starting service [Tomcat]
[23-09-11 17:20:09] INFO  o.a.catalina.core.StandardEngine - Starting Servlet engine: [Apache Tomcat/10.1.12]
[23-09-11 17:20:09] INFO  o.a.c.c.C.[.[localhost].[/] - Initializing Spring embedded WebApplicationContext
[23-09-11 17:20:09] INFO  o.s.b.w.s.c.ServletWebServerApplicationContext - Root WebApplicationContext: initialization completed in 211 ms
[23-09-11 17:20:09] INFO  o.a.catalina.core.StandardService - Stopping service [Tomcat]
[23-09-11 17:20:09] INFO  o.s.b.a.l.ConditionEvaluationReportLogger - 

Error starting ApplicationContext. To display the condition evaluation report re-run your application with 'debug' enabled.
[23-09-11 17:20:46] INFO  kr.couple.web.ProjectApplication - Starting ProjectApplication using Java 17.0.7 with PID 14000 (C:\spring\SpringBootClass\Project\target\classes started by admin in C:\spring\SpringBootClass\Project)
[23-09-11 17:20:46] INFO  kr.couple.web.ProjectApplication - The following 1 profile is active: "local"
[23-09-11 17:20:46] INFO  o.s.d.r.c.RepositoryConfigurationDelegate - Bootstrapping Spring Data JDBC repositories in DEFAULT mode.
[23-09-11 17:20:46] INFO  o.s.d.r.c.RepositoryConfigurationDelegate - Finished Spring Data repository scanning in 1 ms. Found 0 JDBC repository interfaces.
[23-09-11 17:20:46] INFO  o.s.b.w.e.tomcat.TomcatWebServer - Tomcat initialized with port(s): 8080 (http)
[23-09-11 17:20:46] INFO  o.a.coyote.http11.Http11NioProtocol - Initializing ProtocolHandler ["http-nio-8080"]
[23-09-11 17:20:46] INFO  o.a.catalina.core.StandardService - Starting service [Tomcat]
[23-09-11 17:20:46] INFO  o.a.catalina.core.StandardEngine - Starting Servlet engine: [Apache Tomcat/10.1.12]
[23-09-11 17:20:46] INFO  o.a.c.c.C.[.[localhost].[/] - Initializing Spring embedded WebApplicationContext
[23-09-11 17:20:46] INFO  o.s.b.w.s.c.ServletWebServerApplicationContext - Root WebApplicationContext: initialization completed in 214 ms
[23-09-11 17:20:46] INFO  o.a.catalina.core.StandardService - Stopping service [Tomcat]
[23-09-11 17:20:46] INFO  o.s.b.a.l.ConditionEvaluationReportLogger - 

Error starting ApplicationContext. To display the condition evaluation report re-run your application with 'debug' enabled.
[23-09-11 17:20:58] INFO  kr.couple.web.ProjectApplication - Starting ProjectApplication using Java 17.0.7 with PID 14000 (C:\spring\SpringBootClass\Project\target\classes started by admin in C:\spring\SpringBootClass\Project)
[23-09-11 17:20:58] INFO  kr.couple.web.ProjectApplication - The following 1 profile is active: "local"
[23-09-11 17:20:58] INFO  o.s.d.r.c.RepositoryConfigurationDelegate - Bootstrapping Spring Data JDBC repositories in DEFAULT mode.
[23-09-11 17:20:58] INFO  o.s.d.r.c.RepositoryConfigurationDelegate - Finished Spring Data repository scanning in 1 ms. Found 0 JDBC repository interfaces.
[23-09-11 17:20:58] INFO  o.s.b.w.e.tomcat.TomcatWebServer - Tomcat initialized with port(s): 8080 (http)
[23-09-11 17:20:58] INFO  o.a.coyote.http11.Http11NioProtocol - Initializing ProtocolHandler ["http-nio-8080"]
[23-09-11 17:20:58] INFO  o.a.catalina.core.StandardService - Starting service [Tomcat]
[23-09-11 17:20:58] INFO  o.a.catalina.core.StandardEngine - Starting Servlet engine: [Apache Tomcat/10.1.12]
[23-09-11 17:20:58] INFO  o.a.c.c.C.[.[localhost].[/] - Initializing Spring embedded WebApplicationContext
[23-09-11 17:20:58] INFO  o.s.b.w.s.c.ServletWebServerApplicationContext - Root WebApplicationContext: initialization completed in 209 ms
[23-09-11 17:20:58] INFO  o.a.catalina.core.StandardService - Stopping service [Tomcat]
[23-09-11 17:20:58] INFO  o.s.b.a.l.ConditionEvaluationReportLogger - 

Error starting ApplicationContext. To display the condition evaluation report re-run your application with 'debug' enabled.
[23-09-11 17:21:16] INFO  kr.couple.web.ProjectApplication - Starting ProjectApplication using Java 17.0.7 with PID 14000 (C:\spring\SpringBootClass\Project\target\classes started by admin in C:\spring\SpringBootClass\Project)
[23-09-11 17:21:16] INFO  kr.couple.web.ProjectApplication - The following 1 profile is active: "local"
[23-09-11 17:21:16] INFO  o.s.d.r.c.RepositoryConfigurationDelegate - Bootstrapping Spring Data JDBC repositories in DEFAULT mode.
[23-09-11 17:21:16] INFO  o.s.d.r.c.RepositoryConfigurationDelegate - Finished Spring Data repository scanning in 1 ms. Found 0 JDBC repository interfaces.
[23-09-11 17:21:16] INFO  o.s.b.w.e.tomcat.TomcatWebServer - Tomcat initialized with port(s): 8080 (http)
[23-09-11 17:21:16] INFO  o.a.coyote.http11.Http11NioProtocol - Initializing ProtocolHandler ["http-nio-8080"]
[23-09-11 17:21:16] INFO  o.a.catalina.core.StandardService - Starting service [Tomcat]
[23-09-11 17:21:16] INFO  o.a.catalina.core.StandardEngine - Starting Servlet engine: [Apache Tomcat/10.1.12]
[23-09-11 17:21:16] INFO  o.a.c.c.C.[.[localhost].[/] - Initializing Spring embedded WebApplicationContext
[23-09-11 17:21:16] INFO  o.s.b.w.s.c.ServletWebServerApplicationContext - Root WebApplicationContext: initialization completed in 208 ms
[23-09-11 17:21:16] INFO  o.a.catalina.core.StandardService - Stopping service [Tomcat]
[23-09-11 17:21:16] INFO  o.s.b.a.l.ConditionEvaluationReportLogger - 

Error starting ApplicationContext. To display the condition evaluation report re-run your application with 'debug' enabled.
[23-09-11 17:22:09] INFO  kr.couple.web.ProjectApplication - Starting ProjectApplication using Java 17.0.7 with PID 14000 (C:\spring\SpringBootClass\Project\target\classes started by admin in C:\spring\SpringBootClass\Project)
[23-09-11 17:22:09] INFO  kr.couple.web.ProjectApplication - The following 1 profile is active: "local"
[23-09-11 17:22:09] INFO  o.s.d.r.c.RepositoryConfigurationDelegate - Bootstrapping Spring Data JDBC repositories in DEFAULT mode.
[23-09-11 17:22:09] INFO  o.s.d.r.c.RepositoryConfigurationDelegate - Finished Spring Data repository scanning in 1 ms. Found 0 JDBC repository interfaces.
[23-09-11 17:22:09] INFO  o.s.b.w.e.tomcat.TomcatWebServer - Tomcat initialized with port(s): 8080 (http)
[23-09-11 17:22:09] INFO  o.a.coyote.http11.Http11NioProtocol - Initializing ProtocolHandler ["http-nio-8080"]
[23-09-11 17:22:09] INFO  o.a.catalina.core.StandardService - Starting service [Tomcat]
[23-09-11 17:22:09] INFO  o.a.catalina.core.StandardEngine - Starting Servlet engine: [Apache Tomcat/10.1.12]
[23-09-11 17:22:09] INFO  o.a.c.c.C.[.[localhost].[/] - Initializing Spring embedded WebApplicationContext
[23-09-11 17:22:09] INFO  o.s.b.w.s.c.ServletWebServerApplicationContext - Root WebApplicationContext: initialization completed in 214 ms
[23-09-11 17:22:09] INFO  o.a.catalina.core.StandardService - Stopping service [Tomcat]
[23-09-11 17:22:09] INFO  o.s.b.a.l.ConditionEvaluationReportLogger - 

Error starting ApplicationContext. To display the condition evaluation report re-run your application with 'debug' enabled.
[23-09-11 17:22:13] INFO  kr.couple.web.ProjectApplication - Starting ProjectApplication using Java 17.0.7 with PID 14000 (C:\spring\SpringBootClass\Project\target\classes started by admin in C:\spring\SpringBootClass\Project)
[23-09-11 17:22:13] INFO  kr.couple.web.ProjectApplication - The following 1 profile is active: "local"
[23-09-11 17:22:13] INFO  o.s.d.r.c.RepositoryConfigurationDelegate - Bootstrapping Spring Data JDBC repositories in DEFAULT mode.
[23-09-11 17:22:13] INFO  o.s.d.r.c.RepositoryConfigurationDelegate - Finished Spring Data repository scanning in 1 ms. Found 0 JDBC repository interfaces.
[23-09-11 17:22:13] INFO  o.s.b.w.e.tomcat.TomcatWebServer - Tomcat initialized with port(s): 8080 (http)
[23-09-11 17:22:13] INFO  o.a.coyote.http11.Http11NioProtocol - Initializing ProtocolHandler ["http-nio-8080"]
[23-09-11 17:22:13] INFO  o.a.catalina.core.StandardService - Starting service [Tomcat]
[23-09-11 17:22:13] INFO  o.a.catalina.core.StandardEngine - Starting Servlet engine: [Apache Tomcat/10.1.12]
[23-09-11 17:22:13] INFO  o.a.c.c.C.[.[localhost].[/] - Initializing Spring embedded WebApplicationContext
[23-09-11 17:22:13] INFO  o.s.b.w.s.c.ServletWebServerApplicationContext - Root WebApplicationContext: initialization completed in 221 ms
[23-09-11 17:22:13] INFO  o.a.catalina.core.StandardService - Stopping service [Tomcat]
[23-09-11 17:22:13] INFO  o.s.b.a.l.ConditionEvaluationReportLogger - 

Error starting ApplicationContext. To display the condition evaluation report re-run your application with 'debug' enabled.
[23-09-11 17:22:28] INFO  kr.couple.web.ProjectApplication - Starting ProjectApplication using Java 17.0.7 with PID 14000 (C:\spring\SpringBootClass\Project\target\classes started by admin in C:\spring\SpringBootClass\Project)
[23-09-11 17:22:28] INFO  kr.couple.web.ProjectApplication - The following 1 profile is active: "local"
[23-09-11 17:22:28] INFO  o.s.d.r.c.RepositoryConfigurationDelegate - Bootstrapping Spring Data JDBC repositories in DEFAULT mode.
[23-09-11 17:22:28] INFO  o.s.d.r.c.RepositoryConfigurationDelegate - Finished Spring Data repository scanning in 1 ms. Found 0 JDBC repository interfaces.
[23-09-11 17:22:28] INFO  o.s.b.w.e.tomcat.TomcatWebServer - Tomcat initialized with port(s): 8080 (http)
[23-09-11 17:22:28] INFO  o.a.coyote.http11.Http11NioProtocol - Initializing ProtocolHandler ["http-nio-8080"]
[23-09-11 17:22:28] INFO  o.a.catalina.core.StandardService - Starting service [Tomcat]
[23-09-11 17:22:28] INFO  o.a.catalina.core.StandardEngine - Starting Servlet engine: [Apache Tomcat/10.1.12]
[23-09-11 17:22:28] INFO  o.a.c.c.C.[.[localhost].[/] - Initializing Spring embedded WebApplicationContext
[23-09-11 17:22:28] INFO  o.s.b.w.s.c.ServletWebServerApplicationContext - Root WebApplicationContext: initialization completed in 294 ms
[23-09-11 17:22:28] INFO  o.a.catalina.core.StandardService - Stopping service [Tomcat]
[23-09-11 17:22:28] INFO  o.s.b.a.l.ConditionEvaluationReportLogger - 

Error starting ApplicationContext. To display the condition evaluation report re-run your application with 'debug' enabled.
[23-09-11 17:23:05] INFO  kr.couple.web.ProjectApplication - Starting ProjectApplication using Java 17.0.7 with PID 14000 (C:\spring\SpringBootClass\Project\target\classes started by admin in C:\spring\SpringBootClass\Project)
[23-09-11 17:23:05] INFO  kr.couple.web.ProjectApplication - The following 1 profile is active: "local"
[23-09-11 17:23:06] INFO  o.s.d.r.c.RepositoryConfigurationDelegate - Bootstrapping Spring Data JDBC repositories in DEFAULT mode.
[23-09-11 17:23:06] INFO  o.s.d.r.c.RepositoryConfigurationDelegate - Finished Spring Data repository scanning in 0 ms. Found 0 JDBC repository interfaces.
[23-09-11 17:23:06] INFO  o.s.b.w.e.tomcat.TomcatWebServer - Tomcat initialized with port(s): 8080 (http)
[23-09-11 17:23:06] INFO  o.a.coyote.http11.Http11NioProtocol - Initializing ProtocolHandler ["http-nio-8080"]
[23-09-11 17:23:06] INFO  o.a.catalina.core.StandardService - Starting service [Tomcat]
[23-09-11 17:23:06] INFO  o.a.catalina.core.StandardEngine - Starting Servlet engine: [Apache Tomcat/10.1.12]
[23-09-11 17:23:06] INFO  o.a.c.c.C.[.[localhost].[/] - Initializing Spring embedded WebApplicationContext
[23-09-11 17:23:06] INFO  o.s.b.w.s.c.ServletWebServerApplicationContext - Root WebApplicationContext: initialization completed in 214 ms
[23-09-11 17:23:06] INFO  o.a.catalina.core.StandardService - Stopping service [Tomcat]
[23-09-11 17:23:06] INFO  o.s.b.a.l.ConditionEvaluationReportLogger - 

Error starting ApplicationContext. To display the condition evaluation report re-run your application with 'debug' enabled.
[23-09-11 17:23:10] INFO  kr.couple.web.ProjectApplication - Starting ProjectApplication using Java 17.0.7 with PID 14000 (C:\spring\SpringBootClass\Project\target\classes started by admin in C:\spring\SpringBootClass\Project)
[23-09-11 17:23:10] INFO  kr.couple.web.ProjectApplication - The following 1 profile is active: "local"
[23-09-11 17:23:10] INFO  o.s.d.r.c.RepositoryConfigurationDelegate - Bootstrapping Spring Data JDBC repositories in DEFAULT mode.
[23-09-11 17:23:10] INFO  o.s.d.r.c.RepositoryConfigurationDelegate - Finished Spring Data repository scanning in 1 ms. Found 0 JDBC repository interfaces.
[23-09-11 17:23:10] INFO  o.s.b.w.e.tomcat.TomcatWebServer - Tomcat initialized with port(s): 8080 (http)
[23-09-11 17:23:10] INFO  o.a.coyote.http11.Http11NioProtocol - Initializing ProtocolHandler ["http-nio-8080"]
[23-09-11 17:23:10] INFO  o.a.catalina.core.StandardService - Starting service [Tomcat]
[23-09-11 17:23:10] INFO  o.a.catalina.core.StandardEngine - Starting Servlet engine: [Apache Tomcat/10.1.12]
[23-09-11 17:23:10] INFO  o.a.c.c.C.[.[localhost].[/] - Initializing Spring embedded WebApplicationContext
[23-09-11 17:23:10] INFO  o.s.b.w.s.c.ServletWebServerApplicationContext - Root WebApplicationContext: initialization completed in 211 ms
[23-09-11 17:23:10] INFO  o.a.catalina.core.StandardService - Stopping service [Tomcat]
[23-09-11 17:23:10] INFO  o.s.b.a.l.ConditionEvaluationReportLogger - 

Error starting ApplicationContext. To display the condition evaluation report re-run your application with 'debug' enabled.
[23-09-11 17:23:26] INFO  kr.couple.web.ProjectApplication - Starting ProjectApplication using Java 17.0.7 with PID 14000 (C:\spring\SpringBootClass\Project\target\classes started by admin in C:\spring\SpringBootClass\Project)
[23-09-11 17:23:26] INFO  kr.couple.web.ProjectApplication - The following 1 profile is active: "local"
[23-09-11 17:23:27] INFO  o.s.d.r.c.RepositoryConfigurationDelegate - Bootstrapping Spring Data JDBC repositories in DEFAULT mode.
[23-09-11 17:23:27] INFO  o.s.d.r.c.RepositoryConfigurationDelegate - Finished Spring Data repository scanning in 0 ms. Found 0 JDBC repository interfaces.
[23-09-11 17:23:27] INFO  o.s.b.w.e.tomcat.TomcatWebServer - Tomcat initialized with port(s): 8080 (http)
[23-09-11 17:23:27] INFO  o.a.coyote.http11.Http11NioProtocol - Initializing ProtocolHandler ["http-nio-8080"]
[23-09-11 17:23:27] INFO  o.a.catalina.core.StandardService - Starting service [Tomcat]
[23-09-11 17:23:27] INFO  o.a.catalina.core.StandardEngine - Starting Servlet engine: [Apache Tomcat/10.1.12]
[23-09-11 17:23:27] INFO  o.a.c.c.C.[.[localhost].[/] - Initializing Spring embedded WebApplicationContext
[23-09-11 17:23:27] INFO  o.s.b.w.s.c.ServletWebServerApplicationContext - Root WebApplicationContext: initialization completed in 206 ms
[23-09-11 17:23:27] INFO  o.a.catalina.core.StandardService - Stopping service [Tomcat]
[23-09-11 17:23:27] INFO  o.s.b.a.l.ConditionEvaluationReportLogger - 

Error starting ApplicationContext. To display the condition evaluation report re-run your application with 'debug' enabled.
[23-09-11 17:25:36] INFO  kr.couple.web.ProjectApplication - Starting ProjectApplication using Java 17.0.7 with PID 14000 (C:\spring\SpringBootClass\Project\target\classes started by admin in C:\spring\SpringBootClass\Project)
[23-09-11 17:25:36] INFO  kr.couple.web.ProjectApplication - The following 1 profile is active: "local"
[23-09-11 17:25:36] INFO  o.s.d.r.c.RepositoryConfigurationDelegate - Bootstrapping Spring Data JDBC repositories in DEFAULT mode.
[23-09-11 17:25:36] INFO  o.s.d.r.c.RepositoryConfigurationDelegate - Finished Spring Data repository scanning in 0 ms. Found 0 JDBC repository interfaces.
[23-09-11 17:25:36] INFO  o.s.b.w.e.tomcat.TomcatWebServer - Tomcat initialized with port(s): 8080 (http)
[23-09-11 17:25:36] INFO  o.a.coyote.http11.Http11NioProtocol - Initializing ProtocolHandler ["http-nio-8080"]
[23-09-11 17:25:36] INFO  o.a.catalina.core.StandardService - Starting service [Tomcat]
[23-09-11 17:25:36] INFO  o.a.catalina.core.StandardEngine - Starting Servlet engine: [Apache Tomcat/10.1.12]
[23-09-11 17:25:36] INFO  o.a.c.c.C.[.[localhost].[/] - Initializing Spring embedded WebApplicationContext
[23-09-11 17:25:36] INFO  o.s.b.w.s.c.ServletWebServerApplicationContext - Root WebApplicationContext: initialization completed in 216 ms
[23-09-11 17:25:36] INFO  o.a.catalina.core.StandardService - Stopping service [Tomcat]
[23-09-11 17:25:36] INFO  o.s.b.a.l.ConditionEvaluationReportLogger - 

Error starting ApplicationContext. To display the condition evaluation report re-run your application with 'debug' enabled.
[23-09-11 17:25:45] INFO  kr.couple.web.ProjectApplication - Starting ProjectApplication using Java 17.0.7 with PID 14000 (C:\spring\SpringBootClass\Project\target\classes started by admin in C:\spring\SpringBootClass\Project)
[23-09-11 17:25:45] INFO  kr.couple.web.ProjectApplication - The following 1 profile is active: "local"
[23-09-11 17:25:45] INFO  o.s.d.r.c.RepositoryConfigurationDelegate - Bootstrapping Spring Data JDBC repositories in DEFAULT mode.
[23-09-11 17:25:45] INFO  o.s.d.r.c.RepositoryConfigurationDelegate - Finished Spring Data repository scanning in 1 ms. Found 0 JDBC repository interfaces.
[23-09-11 17:25:45] INFO  o.s.b.w.e.tomcat.TomcatWebServer - Tomcat initialized with port(s): 8080 (http)
[23-09-11 17:25:45] INFO  o.a.coyote.http11.Http11NioProtocol - Initializing ProtocolHandler ["http-nio-8080"]
[23-09-11 17:25:45] INFO  o.a.catalina.core.StandardService - Starting service [Tomcat]
[23-09-11 17:25:45] INFO  o.a.catalina.core.StandardEngine - Starting Servlet engine: [Apache Tomcat/10.1.12]
[23-09-11 17:25:45] INFO  o.a.c.c.C.[.[localhost].[/] - Initializing Spring embedded WebApplicationContext
[23-09-11 17:25:45] INFO  o.s.b.w.s.c.ServletWebServerApplicationContext - Root WebApplicationContext: initialization completed in 216 ms
[23-09-11 17:25:45] INFO  o.a.catalina.core.StandardService - Stopping service [Tomcat]
[23-09-11 17:25:45] INFO  o.s.b.a.l.ConditionEvaluationReportLogger - 

Error starting ApplicationContext. To display the condition evaluation report re-run your application with 'debug' enabled.
[23-09-11 17:25:50] INFO  kr.couple.web.ProjectApplication - Starting ProjectApplication using Java 17.0.7 with PID 14000 (C:\spring\SpringBootClass\Project\target\classes started by admin in C:\spring\SpringBootClass\Project)
[23-09-11 17:25:50] INFO  kr.couple.web.ProjectApplication - The following 1 profile is active: "local"
[23-09-11 17:25:50] INFO  o.s.d.r.c.RepositoryConfigurationDelegate - Bootstrapping Spring Data JDBC repositories in DEFAULT mode.
[23-09-11 17:25:50] INFO  o.s.d.r.c.RepositoryConfigurationDelegate - Finished Spring Data repository scanning in 1 ms. Found 0 JDBC repository interfaces.
[23-09-11 17:25:50] INFO  o.s.b.w.e.tomcat.TomcatWebServer - Tomcat initialized with port(s): 8080 (http)
[23-09-11 17:25:50] INFO  o.a.coyote.http11.Http11NioProtocol - Initializing ProtocolHandler ["http-nio-8080"]
[23-09-11 17:25:50] INFO  o.a.catalina.core.StandardService - Starting service [Tomcat]
[23-09-11 17:25:50] INFO  o.a.catalina.core.StandardEngine - Starting Servlet engine: [Apache Tomcat/10.1.12]
[23-09-11 17:25:50] INFO  o.a.c.c.C.[.[localhost].[/] - Initializing Spring embedded WebApplicationContext
[23-09-11 17:25:50] INFO  o.s.b.w.s.c.ServletWebServerApplicationContext - Root WebApplicationContext: initialization completed in 231 ms
[23-09-11 17:25:50] INFO  o.a.catalina.core.StandardService - Stopping service [Tomcat]
[23-09-11 17:25:50] INFO  o.s.b.a.l.ConditionEvaluationReportLogger - 

Error starting ApplicationContext. To display the condition evaluation report re-run your application with 'debug' enabled.
[23-09-12 14:29:59] INFO  kr.couple.web.ProjectApplication - Starting ProjectApplication using Java 17.0.7 with PID 14316 (C:\Users\admin\git\SpringBoot\Project\target\classes started by admin in C:\Users\admin\git\SpringBoot\Project)
[23-09-12 14:29:59] INFO  kr.couple.web.ProjectApplication - The following 1 profile is active: "local"
[23-09-12 14:29:59] INFO  o.s.b.d.restart.ChangeableUrls - The Class-Path manifest attribute in C:\Users\admin\.m2\repository\com\oracle\database\jdbc\ojdbc8\21.9.0.0\ojdbc8-21.9.0.0.jar referenced one or more files that do not exist: file:/C:/Users/admin/.m2/repository/com/oracle/database/jdbc/ojdbc8/21.9.0.0/oraclepki.jar
[23-09-12 14:29:59] INFO  o.s.b.d.e.DevToolsPropertyDefaultsPostProcessor - Devtools property defaults active! Set 'spring.devtools.add-properties' to 'false' to disable
[23-09-12 14:29:59] INFO  o.s.b.d.e.DevToolsPropertyDefaultsPostProcessor - For additional web related logging consider setting the 'logging.level.web' property to 'DEBUG'
[23-09-12 14:30:00] INFO  o.s.d.r.c.RepositoryConfigurationDelegate - Bootstrapping Spring Data JDBC repositories in DEFAULT mode.
[23-09-12 14:30:00] INFO  o.s.d.r.c.RepositoryConfigurationDelegate - Finished Spring Data repository scanning in 4 ms. Found 0 JDBC repository interfaces.
[23-09-12 14:30:00] INFO  o.s.b.w.e.tomcat.TomcatWebServer - Tomcat initialized with port(s): 8080 (http)
[23-09-12 14:30:00] INFO  o.a.coyote.http11.Http11NioProtocol - Initializing ProtocolHandler ["http-nio-8080"]
[23-09-12 14:30:00] INFO  o.a.catalina.core.StandardService - Starting service [Tomcat]
[23-09-12 14:30:00] INFO  o.a.catalina.core.StandardEngine - Starting Servlet engine: [Apache Tomcat/10.1.12]
[23-09-12 14:30:01] INFO  o.a.c.c.C.[Tomcat].[localhost].[/] - Initializing Spring embedded WebApplicationContext
[23-09-12 14:30:01] INFO  o.s.b.w.s.c.ServletWebServerApplicationContext - Root WebApplicationContext: initialization completed in 1207 ms
[23-09-12 14:30:01] INFO  o.a.catalina.core.StandardService - Stopping service [Tomcat]
[23-09-12 14:30:01] INFO  o.s.b.a.l.ConditionEvaluationReportLogger - 

Error starting ApplicationContext. To display the condition evaluation report re-run your application with 'debug' enabled.
